<?xml version="1.0" encoding="UTF-8"?>
<Site BuildName="(empty)"
	BuildStamp="20230720-2133-Experimental"
	Name="gepopa"
	Generator="ctest-3.22.1"
	CompilerName="/usr/bin/c++"
	CompilerVersion="11.3.0"
	OSName="Linux"
	Hostname="gepopa"
	OSRelease="5.19.0-46-generic"
	OSVersion="#47~22.04.1-Ubuntu SMP PREEMPT_DYNAMIC Wed Jun 21 15:35:31 UTC 2"
	OSPlatform="x86_64"
	Is64Bits="1"
	VendorString="GenuineIntel"
	VendorID="Intel Corporation"
	FamilyID="6"
	ModelID="158"
	ProcessorCacheSize="12288"
	NumberOfLogicalCPU="12"
	NumberOfPhysicalCPU="6"
	TotalVirtualMemory="2047"
	TotalPhysicalMemory="15623"
	LogicalProcessorsPerPhysical="2"
	ProcessorClockFrequency="4397.6"
	>
	<Testing>
		<StartDateTime>Jul 20 17:33 EDT</StartDateTime>
		<StartTestTime>1689888834</StartTestTime>
		<TestList>
			<Test>./imu_tilt_detection_tilt_detector_test</Test>
		</TestList>
		<Test Status="passed">
			<Name>imu_tilt_detection_tilt_detector_test</Name>
			<Path>.</Path>
			<FullName>./imu_tilt_detection_tilt_detector_test</FullName>
			<FullCommandLine>/usr/bin/python3.10 "-u" "/opt/ros/iron/share/ament_cmake_test/cmake/run_test.py" "/home/gepopa/ros2_ws/src/imu_tilt_detection/build/imu_tilt_detection/test_results/imu_tilt_detection/imu_tilt_detection_tilt_detector_test.gtest.xml" "--package-name" "imu_tilt_detection" "--output-file" "/home/gepopa/ros2_ws/src/imu_tilt_detection/build/imu_tilt_detection/ament_cmake_gtest/imu_tilt_detection_tilt_detector_test.txt" "--command" "/home/gepopa/ros2_ws/src/imu_tilt_detection/build/imu_tilt_detection/imu_tilt_detection_tilt_detector_test" "--gtest_output=xml:/home/gepopa/ros2_ws/src/imu_tilt_detection/build/imu_tilt_detection/test_results/imu_tilt_detection/imu_tilt_detection_tilt_detector_test.gtest.xml"</FullCommandLine>
			<Results>
				<NamedMeasurement type="numeric/double" name="Execution Time">
					<Value>0.0553066</Value>
				</NamedMeasurement>
				<NamedMeasurement type="numeric/double" name="Processors">
					<Value>1</Value>
				</NamedMeasurement>
				<NamedMeasurement type="text/string" name="Completion Status">
					<Value>Completed</Value>
				</NamedMeasurement>
				<NamedMeasurement type="text/string" name="Command Line">
					<Value>/usr/bin/python3.10 "-u" "/opt/ros/iron/share/ament_cmake_test/cmake/run_test.py" "/home/gepopa/ros2_ws/src/imu_tilt_detection/build/imu_tilt_detection/test_results/imu_tilt_detection/imu_tilt_detection_tilt_detector_test.gtest.xml" "--package-name" "imu_tilt_detection" "--output-file" "/home/gepopa/ros2_ws/src/imu_tilt_detection/build/imu_tilt_detection/ament_cmake_gtest/imu_tilt_detection_tilt_detector_test.txt" "--command" "/home/gepopa/ros2_ws/src/imu_tilt_detection/build/imu_tilt_detection/imu_tilt_detection_tilt_detector_test" "--gtest_output=xml:/home/gepopa/ros2_ws/src/imu_tilt_detection/build/imu_tilt_detection/test_results/imu_tilt_detection/imu_tilt_detection_tilt_detector_test.gtest.xml"</Value>
				</NamedMeasurement>
				<NamedMeasurement type="text/string" name="Environment">
					<Value>#CTEST_RESOURCE_GROUP_COUNT=</Value>
				</NamedMeasurement>
				<Measurement>
					<Value>-- run_test.py: invoking following command in '/home/gepopa/ros2_ws/src/imu_tilt_detection/build/imu_tilt_detection':
 - /home/gepopa/ros2_ws/src/imu_tilt_detection/build/imu_tilt_detection/imu_tilt_detection_tilt_detector_test --gtest_output=xml:/home/gepopa/ros2_ws/src/imu_tilt_detection/build/imu_tilt_detection/test_results/imu_tilt_detection/imu_tilt_detection_tilt_detector_test.gtest.xml
[==========] Running 1 test from 1 test suite.
[----------] Global test environment set-up.
[----------] 1 test from imu_tilt_detection
[ RUN      ] imu_tilt_detection.a_first_test
[       OK ] imu_tilt_detection.a_first_test (0 ms)
[----------] 1 test from imu_tilt_detection (0 ms total)

[----------] Global test environment tear-down
[==========] 1 test from 1 test suite ran. (0 ms total)
[  PASSED  ] 1 test.
-- run_test.py: return code 0
-- run_test.py: verify result file '/home/gepopa/ros2_ws/src/imu_tilt_detection/build/imu_tilt_detection/test_results/imu_tilt_detection/imu_tilt_detection_tilt_detector_test.gtest.xml'
</Value>
				</Measurement>
			</Results>
			<Labels>
				<Label>gtest</Label>
			</Labels>
		</Test>
		<EndDateTime>Jul 20 17:33 EDT</EndDateTime>
		<EndTestTime>1689888834</EndTestTime>
		<ElapsedMinutes>0</ElapsedMinutes>
	</Testing>
</Site>
