[  2%] Built target imu_tilt_detection__rosidl_generator_type_description
[  6%] Built target gtest_main
[ 11%] Built target gtest
[ 11%] Built target ament_cmake_python_copy_imu_tilt_detection
[35m[1mConsolidate compiler generated dependencies of target imu_tilt_detection_tilt_detector_test[0m
[ 13%] Built target imu_tilt_detection__cpp
[ 25%] Built target imu_tilt_detection__rosidl_generator_c
[ 27%] [32mBuilding CXX object CMakeFiles/imu_tilt_detection_tilt_detector_test.dir/test/tilt_detector_test.cpp.o[0m
[ 34%] Built target imu_tilt_detection__rosidl_typesupport_introspection_c
[ 41%] Built target imu_tilt_detection__rosidl_typesupport_fastrtps_c
[ 48%] Built target imu_tilt_detection__rosidl_typesupport_introspection_cpp
[ 55%] Built target imu_tilt_detection__rosidl_typesupport_c
[ 67%] Built target imu_tilt_detection__rosidl_typesupport_fastrtps_cpp
[ 69%] Built target imu_tilt_detection__rosidl_typesupport_cpp
[ 69%] Built target imu_tilt_detection
[ 76%] Built target tilt_publisher
[ 79%] Built target imu_tilt_detection__py
[ 83%] Built target imu_tilt_detection__rosidl_generator_py
[ 97%] Built target imu_tilt_detection__rosidl_typesupport_introspection_c__pyext
[ 97%] Built target imu_tilt_detection__rosidl_typesupport_fastrtps_c__pyext
[ 97%] Built target imu_tilt_detection__rosidl_typesupport_c__pyext
running egg_info
writing imu_tilt_detection.egg-info/PKG-INFO
writing dependency_links to imu_tilt_detection.egg-info/dependency_links.txt
writing top-level names to imu_tilt_detection.egg-info/top_level.txt
reading manifest file 'imu_tilt_detection.egg-info/SOURCES.txt'
writing manifest file 'imu_tilt_detection.egg-info/SOURCES.txt'
[ 97%] Built target ament_cmake_python_build_imu_tilt_detection_egg
[100%] [32m[1mLinking CXX executable imu_tilt_detection_tilt_detector_test[0m
/usr/bin/ld: CMakeFiles/imu_tilt_detection_tilt_detector_test.dir/test/tilt_detector_test.cpp.o: in function `GIVEN_roll_tilt_higher_than_threshold_WHEN_compute_tilt_status_from_acceleration_THEN_return_expected_tilt_status_Test::TestBody()':
tilt_detector_test.cpp:(.text+0x5c): undefined reference to `TiltDetector::compute_tilt_status_from_acceleration(double, double, double)'
/usr/bin/ld: CMakeFiles/imu_tilt_detection_tilt_detector_test.dir/test/tilt_detector_test.cpp.o: in function `tilt_detector_tests::tilt_detector_tests()':
tilt_detector_test.cpp:(.text._ZN19tilt_detector_testsC2Ev[_ZN19tilt_detector_testsC5Ev]+0x60): undefined reference to `TiltDetector::TiltDetector(unsigned long, int)'
collect2: error: ld returned 1 exit status
gmake[2]: *** [CMakeFiles/imu_tilt_detection_tilt_detector_test.dir/build.make:125: imu_tilt_detection_tilt_detector_test] Error 1
gmake[1]: *** [CMakeFiles/Makefile2:673: CMakeFiles/imu_tilt_detection_tilt_detector_test.dir/all] Error 2
gmake: *** [Makefile:146: all] Error 2
