Start testing: Jul 20 17:35 EDT
----------------------------------------------------------
1/1 Testing: imu_tilt_detection_tilt_detector_test
1/1 Test: imu_tilt_detection_tilt_detector_test
Command: "/usr/bin/python3.10" "-u" "/opt/ros/iron/share/ament_cmake_test/cmake/run_test.py" "/home/gepopa/ros2_ws/src/imu_tilt_detection/build/imu_tilt_detection/test_results/imu_tilt_detection/imu_tilt_detection_tilt_detector_test.gtest.xml" "--package-name" "imu_tilt_detection" "--output-file" "/home/gepopa/ros2_ws/src/imu_tilt_detection/build/imu_tilt_detection/ament_cmake_gtest/imu_tilt_detection_tilt_detector_test.txt" "--command" "/home/gepopa/ros2_ws/src/imu_tilt_detection/build/imu_tilt_detection/imu_tilt_detection_tilt_detector_test" "--gtest_output=xml:/home/gepopa/ros2_ws/src/imu_tilt_detection/build/imu_tilt_detection/test_results/imu_tilt_detection/imu_tilt_detection_tilt_detector_test.gtest.xml"
Directory: /home/gepopa/ros2_ws/src/imu_tilt_detection/build/imu_tilt_detection
"imu_tilt_detection_tilt_detector_test" start time: Jul 20 17:35 EDT
Output:
----------------------------------------------------------
-- run_test.py: invoking following command in '/home/gepopa/ros2_ws/src/imu_tilt_detection/build/imu_tilt_detection':
 - /home/gepopa/ros2_ws/src/imu_tilt_detection/build/imu_tilt_detection/imu_tilt_detection_tilt_detector_test --gtest_output=xml:/home/gepopa/ros2_ws/src/imu_tilt_detection/build/imu_tilt_detection/test_results/imu_tilt_detection/imu_tilt_detection_tilt_detector_test.gtest.xml
[==========] Running 1 test from 1 test suite.
[----------] Global test environment set-up.
[----------] 1 test from imu_tilt_detection
[ RUN      ] imu_tilt_detection.a_first_test
[       OK ] imu_tilt_detection.a_first_test (0 ms)
[----------] 1 test from imu_tilt_detection (0 ms total)

[----------] Global test environment tear-down
[==========] 1 test from 1 test suite ran. (0 ms total)
[  PASSED  ] 1 test.
-- run_test.py: return code 0
-- run_test.py: verify result file '/home/gepopa/ros2_ws/src/imu_tilt_detection/build/imu_tilt_detection/test_results/imu_tilt_detection/imu_tilt_detection_tilt_detector_test.gtest.xml'
<end of output>
Test time =   0.05 sec
----------------------------------------------------------
Test Passed.
"imu_tilt_detection_tilt_detector_test" end time: Jul 20 17:35 EDT
"imu_tilt_detection_tilt_detector_test" time elapsed: 00:00:00
----------------------------------------------------------

End testing: Jul 20 17:35 EDT

gtest =   0.05 sec*proc

