Start testing: Jul 20 19:33 EDT
----------------------------------------------------------
1/1 Testing: imu_tilt_detection_tilt_detector_test
1/1 Test: imu_tilt_detection_tilt_detector_test
Command: "/usr/bin/python3.10" "-u" "/opt/ros/iron/share/ament_cmake_test/cmake/run_test.py" "/home/gepopa/ros2_ws/src/imu_tilt_detection/build/imu_tilt_detection/test_results/imu_tilt_detection/imu_tilt_detection_tilt_detector_test.gtest.xml" "--package-name" "imu_tilt_detection" "--output-file" "/home/gepopa/ros2_ws/src/imu_tilt_detection/build/imu_tilt_detection/ament_cmake_gtest/imu_tilt_detection_tilt_detector_test.txt" "--command" "/home/gepopa/ros2_ws/src/imu_tilt_detection/build/imu_tilt_detection/imu_tilt_detection_tilt_detector_test" "--gtest_output=xml:/home/gepopa/ros2_ws/src/imu_tilt_detection/build/imu_tilt_detection/test_results/imu_tilt_detection/imu_tilt_detection_tilt_detector_test.gtest.xml"
Directory: /home/gepopa/ros2_ws/src/imu_tilt_detection/build/imu_tilt_detection
"imu_tilt_detection_tilt_detector_test" start time: Jul 20 19:33 EDT
Output:
----------------------------------------------------------
-- run_test.py: invoking following command in '/home/gepopa/ros2_ws/src/imu_tilt_detection/build/imu_tilt_detection':
 - /home/gepopa/ros2_ws/src/imu_tilt_detection/build/imu_tilt_detection/imu_tilt_detection_tilt_detector_test --gtest_output=xml:/home/gepopa/ros2_ws/src/imu_tilt_detection/build/imu_tilt_detection/test_results/imu_tilt_detection/imu_tilt_detection_tilt_detector_test.gtest.xml
[==========] Running 8 tests from 8 test suites.
[----------] Global test environment set-up.
[----------] 1 test from GIVEN_acc_x_10_and_z_10
[ RUN      ] GIVEN_acc_x_10_and_z_10.WHEN_compute_tilt_status_from_acceleration_THEN_return_expected_roll
roll0
pitch45
[       OK ] GIVEN_acc_x_10_and_z_10.WHEN_compute_tilt_status_from_acceleration_THEN_return_expected_roll (0 ms)
[----------] 1 test from GIVEN_acc_x_10_and_z_10 (0 ms total)

[----------] 1 test from GIVEN_acc_y_10_and_z_10
[ RUN      ] GIVEN_acc_y_10_and_z_10.WHEN_compute_tilt_status_from_acceleration_THEN_return_expected_roll
[       OK ] GIVEN_acc_y_10_and_z_10.WHEN_compute_tilt_status_from_acceleration_THEN_return_expected_roll (0 ms)
[----------] 1 test from GIVEN_acc_y_10_and_z_10 (0 ms total)

[----------] 1 test from GIVEN_acc_x_10_and_y_10_and_z_10
[ RUN      ] GIVEN_acc_x_10_and_y_10_and_z_10.WHEN_compute_tilt_status_from_acceleration_THEN_return_expected_roll
/home/gepopa/ros2_ws/src/imu_tilt_detection/test/tilt_detector_test.cpp:55: Failure
Expected equality of these values:
  roll
    Which is: 44.4382
  expected_roll
    Which is: 45
[  FAILED  ] GIVEN_acc_x_10_and_y_10_and_z_10.WHEN_compute_tilt_status_from_acceleration_THEN_return_expected_roll (0 ms)
[----------] 1 test from GIVEN_acc_x_10_and_y_10_and_z_10 (0 ms total)

[----------] 1 test from GIVEN_roll_tilt_higher_than_threshold
[ RUN      ] GIVEN_roll_tilt_higher_than_threshold.WHEN_compute_tilt_status_from_acceleration_THEN_return_expected_tilt_status
[       OK ] GIVEN_roll_tilt_higher_than_threshold.WHEN_compute_tilt_status_from_acceleration_THEN_return_expected_tilt_status (0 ms)
[----------] 1 test from GIVEN_roll_tilt_higher_than_threshold (0 ms total)

[----------] 1 test from GIVEN_pitch_tilt_higher_than_threshold
[ RUN      ] GIVEN_pitch_tilt_higher_than_threshold.WHEN_compute_tilt_status_from_acceleration_THEN_return_expected_tilt_status
[       OK ] GIVEN_pitch_tilt_higher_than_threshold.WHEN_compute_tilt_status_from_acceleration_THEN_return_expected_tilt_status (0 ms)
[----------] 1 test from GIVEN_pitch_tilt_higher_than_threshold (0 ms total)

[----------] 1 test from GIVEN_tilt_lower_than_threshold
[ RUN      ] GIVEN_tilt_lower_than_threshold.WHEN_compute_tilt_status_from_acceleration_THEN_return_expected_tilt_status
[       OK ] GIVEN_tilt_lower_than_threshold.WHEN_compute_tilt_status_from_acceleration_THEN_return_expected_tilt_status (0 ms)
[----------] 1 test from GIVEN_tilt_lower_than_threshold (0 ms total)

[----------] 1 test from GIVEN_mean_higher_than_threshold
[ RUN      ] GIVEN_mean_higher_than_threshold.WHEN_compute_tilt_status_from_acceleration_THEN_return_expected_tilt_status
[       OK ] GIVEN_mean_higher_than_threshold.WHEN_compute_tilt_status_from_acceleration_THEN_return_expected_tilt_status (0 ms)
[----------] 1 test from GIVEN_mean_higher_than_threshold (0 ms total)

[----------] 1 test from GIVEN_mean_lower_than_threshold
[ RUN      ] GIVEN_mean_lower_than_threshold.WHEN_compute_tilt_status_from_acceleration_THEN_return_expected_tilt_status
[       OK ] GIVEN_mean_lower_than_threshold.WHEN_compute_tilt_status_from_acceleration_THEN_return_expected_tilt_status (0 ms)
[----------] 1 test from GIVEN_mean_lower_than_threshold (0 ms total)

[----------] Global test environment tear-down
[==========] 8 tests from 8 test suites ran. (0 ms total)
[  PASSED  ] 7 tests.
[  FAILED  ] 1 test, listed below:
[  FAILED  ] GIVEN_acc_x_10_and_y_10_and_z_10.WHEN_compute_tilt_status_from_acceleration_THEN_return_expected_roll

 1 FAILED TEST
-- run_test.py: return code 1
-- run_test.py: inject classname prefix into gtest result file '/home/gepopa/ros2_ws/src/imu_tilt_detection/build/imu_tilt_detection/test_results/imu_tilt_detection/imu_tilt_detection_tilt_detector_test.gtest.xml'
-- run_test.py: verify result file '/home/gepopa/ros2_ws/src/imu_tilt_detection/build/imu_tilt_detection/test_results/imu_tilt_detection/imu_tilt_detection_tilt_detector_test.gtest.xml'
<end of output>
Test time =   0.05 sec
----------------------------------------------------------
Test Failed.
"imu_tilt_detection_tilt_detector_test" end time: Jul 20 19:33 EDT
"imu_tilt_detection_tilt_detector_test" time elapsed: 00:00:00
----------------------------------------------------------

End testing: Jul 20 19:33 EDT

gtest =   0.05 sec*proc

