[  2%] Built target imu_tilt_detection__rosidl_generator_type_description
[  6%] Built target gtest_main
[ 11%] Built target gtest
[ 11%] Built target ament_cmake_python_copy_imu_tilt_detection
[35m[1mConsolidate compiler generated dependencies of target imu_tilt_detection_tilt_detector_test[0m
[ 13%] Built target imu_tilt_detection__cpp
[ 25%] Built target imu_tilt_detection__rosidl_generator_c
[ 27%] [32mBuilding CXX object CMakeFiles/imu_tilt_detection_tilt_detector_test.dir/test/tilt_detector_test.cpp.o[0m
[ 34%] Built target imu_tilt_detection__rosidl_typesupport_introspection_c
[ 44%] Built target imu_tilt_detection__rosidl_typesupport_fastrtps_c
[ 48%] Built target imu_tilt_detection__rosidl_typesupport_introspection_cpp
[ 55%] Built target imu_tilt_detection__rosidl_typesupport_c
[ 62%] Built target imu_tilt_detection__rosidl_typesupport_cpp
[ 69%] Built target imu_tilt_detection__rosidl_typesupport_fastrtps_cpp
[ 69%] Built target imu_tilt_detection
[ 76%] Built target tilt_publisher
[ 79%] Built target imu_tilt_detection__py
[ 83%] Built target imu_tilt_detection__rosidl_generator_py
[ 97%] Built target imu_tilt_detection__rosidl_typesupport_fastrtps_c__pyext
[ 97%] Built target imu_tilt_detection__rosidl_typesupport_introspection_c__pyext
[ 97%] Built target imu_tilt_detection__rosidl_typesupport_c__pyext
running egg_info
writing imu_tilt_detection.egg-info/PKG-INFO
writing dependency_links to imu_tilt_detection.egg-info/dependency_links.txt
writing top-level names to imu_tilt_detection.egg-info/top_level.txt
reading manifest file 'imu_tilt_detection.egg-info/SOURCES.txt'
writing manifest file 'imu_tilt_detection.egg-info/SOURCES.txt'
[ 97%] Built target ament_cmake_python_build_imu_tilt_detection_egg
[01m[K/home/gepopa/ros2_ws/src/imu_tilt_detection/test/tilt_detector_test.cpp:[m[K In member function â€˜[01m[Kvirtual void GIVEN_roll_tilt_higher_than_threshold_WHEN_compute_tilt_status_from_acceleration_THEN_return_expected_tilt_status_Test::TestBody()[m[Kâ€™:
[01m[K/home/gepopa/ros2_ws/src/imu_tilt_detection/test/tilt_detector_test.cpp:19:68:[m[K [01;31m[Kerror: [m[Kpassing â€˜[01m[Kconst TiltDetector[m[Kâ€™ as â€˜[01m[Kthis[m[Kâ€™ argument discards qualifiers [[01;31m[K]8;;https://gcc.gnu.org/onlinedocs/gcc/Warning-Options.html#index-fpermissive-fpermissive]8;;[m[K]
   19 |   bool status = [01;31m[Ktilt_detector.compute_tilt_status_from_acceleration(acc_x,acc_y,acc_z)[m[K;
      |                 [01;31m[K~~~~~~~~~~~~~~~~~~~~~~~~~~~~~~~~~~~~~~~~~~~~~~~~~~~^~~~~~~~~~~~~~~~~~~[m[K
In file included from [01m[K/home/gepopa/ros2_ws/src/imu_tilt_detection/test/tilt_detector_test.cpp:2[m[K:
[01m[K/home/gepopa/ros2_ws/src/imu_tilt_detection/include/imu_tilt_detection/tilt_detector.h:11:10:[m[K [01;36m[Knote: [m[K  in call to â€˜[01m[Kbool TiltDetector::compute_tilt_status_from_acceleration(double, double, double)[m[Kâ€™
   11 |     bool [01;36m[Kcompute_tilt_status_from_acceleration[m[K(double x, double y, double z);
      |          [01;36m[K^~~~~~~~~~~~~~~~~~~~~~~~~~~~~~~~~~~~~[m[K
gmake[2]: *** [CMakeFiles/imu_tilt_detection_tilt_detector_test.dir/build.make:76: CMakeFiles/imu_tilt_detection_tilt_detector_test.dir/test/tilt_detector_test.cpp.o] Error 1
gmake[1]: *** [CMakeFiles/Makefile2:673: CMakeFiles/imu_tilt_detection_tilt_detector_test.dir/all] Error 2
gmake: *** [Makefile:146: all] Error 2
