UpdateCTestConfiguration  from :/home/gepopa/ros2_ws/src/imu_tilt_detection/build/imu_tilt_detection/CTestConfiguration.ini
Parse Config file:/home/gepopa/ros2_ws/src/imu_tilt_detection/build/imu_tilt_detection/CTestConfiguration.ini
   Site: gepopa
   Build name: (empty)
 Add coverage exclude regular expressions.
Create new tag: 20230720-2318 - Experimental
UpdateCTestConfiguration  from :/home/gepopa/ros2_ws/src/imu_tilt_detection/build/imu_tilt_detection/CTestConfiguration.ini
Parse Config file:/home/gepopa/ros2_ws/src/imu_tilt_detection/build/imu_tilt_detection/CTestConfiguration.ini
Test project /home/gepopa/ros2_ws/src/imu_tilt_detection/build/imu_tilt_detection
Constructing a list of tests
Done constructing a list of tests
Updating test list for fixtures
Added 0 tests to meet fixture requirements
Checking test dependency graph...
Checking test dependency graph end
test 1
    Start 1: imu_tilt_detection_tilt_detector_test

1: Test command: /usr/bin/python3.10 "-u" "/opt/ros/iron/share/ament_cmake_test/cmake/run_test.py" "/home/gepopa/ros2_ws/src/imu_tilt_detection/build/imu_tilt_detection/test_results/imu_tilt_detection/imu_tilt_detection_tilt_detector_test.gtest.xml" "--package-name" "imu_tilt_detection" "--output-file" "/home/gepopa/ros2_ws/src/imu_tilt_detection/build/imu_tilt_detection/ament_cmake_gtest/imu_tilt_detection_tilt_detector_test.txt" "--command" "/home/gepopa/ros2_ws/src/imu_tilt_detection/build/imu_tilt_detection/imu_tilt_detection_tilt_detector_test" "--gtest_output=xml:/home/gepopa/ros2_ws/src/imu_tilt_detection/build/imu_tilt_detection/test_results/imu_tilt_detection/imu_tilt_detection_tilt_detector_test.gtest.xml"
1: Test timeout computed to be: 60
1: -- run_test.py: invoking following command in '/home/gepopa/ros2_ws/src/imu_tilt_detection/build/imu_tilt_detection':
1:  - /home/gepopa/ros2_ws/src/imu_tilt_detection/build/imu_tilt_detection/imu_tilt_detection_tilt_detector_test --gtest_output=xml:/home/gepopa/ros2_ws/src/imu_tilt_detection/build/imu_tilt_detection/test_results/imu_tilt_detection/imu_tilt_detection_tilt_detector_test.gtest.xml
1: [==========] Running 5 tests from 5 test suites.
1: [----------] Global test environment set-up.
1: [----------] 1 test from GIVEN_roll_tilt_higher_than_threshold
1: [ RUN      ] GIVEN_roll_tilt_higher_than_threshold.WHEN_compute_tilt_status_from_acceleration_THEN_return_expected_tilt_status
1: [       OK ] GIVEN_roll_tilt_higher_than_threshold.WHEN_compute_tilt_status_from_acceleration_THEN_return_expected_tilt_status (0 ms)
1: [----------] 1 test from GIVEN_roll_tilt_higher_than_threshold (0 ms total)
1: 
1: [----------] 1 test from GIVEN_pitch_tilt_higher_than_threshold
1: [ RUN      ] GIVEN_pitch_tilt_higher_than_threshold.WHEN_compute_tilt_status_from_acceleration_THEN_return_expected_tilt_status
1: [       OK ] GIVEN_pitch_tilt_higher_than_threshold.WHEN_compute_tilt_status_from_acceleration_THEN_return_expected_tilt_status (0 ms)
1: [----------] 1 test from GIVEN_pitch_tilt_higher_than_threshold (0 ms total)
1: 
1: [----------] 1 test from GIVEN_tilt_lower_than_threshold
1: [ RUN      ] GIVEN_tilt_lower_than_threshold.WHEN_compute_tilt_status_from_acceleration_THEN_return_expected_tilt_status
1: [       OK ] GIVEN_tilt_lower_than_threshold.WHEN_compute_tilt_status_from_acceleration_THEN_return_expected_tilt_status (0 ms)
1: [----------] 1 test from GIVEN_tilt_lower_than_threshold (0 ms total)
1: 
1: [----------] 1 test from GIVEN_mean_higher_than_threshold
1: [ RUN      ] GIVEN_mean_higher_than_threshold.WHEN_compute_tilt_status_from_acceleration_THEN_return_expected_tilt_status
1: [       OK ] GIVEN_mean_higher_than_threshold.WHEN_compute_tilt_status_from_acceleration_THEN_return_expected_tilt_status (0 ms)
1: [----------] 1 test from GIVEN_mean_higher_than_threshold (0 ms total)
1: 
1: [----------] 1 test from GIVEN_mean_lower_than_threshold
1: [ RUN      ] GIVEN_mean_lower_than_threshold.WHEN_compute_tilt_status_from_acceleration_THEN_return_expected_tilt_status
1: /home/gepopa/ros2_ws/src/imu_tilt_detection/test/tilt_detector_test.cpp:80: Failure
1: Expected equality of these values:
1:   status
1:     Which is: false
1:   expected_status
1:     Which is: true
1: [  FAILED  ] GIVEN_mean_lower_than_threshold.WHEN_compute_tilt_status_from_acceleration_THEN_return_expected_tilt_status (0 ms)
1: [----------] 1 test from GIVEN_mean_lower_than_threshold (0 ms total)
1: 
1: [----------] Global test environment tear-down
1: [==========] 5 tests from 5 test suites ran. (0 ms total)
1: [  PASSED  ] 4 tests.
1: [  FAILED  ] 1 test, listed below:
1: [  FAILED  ] GIVEN_mean_lower_than_threshold.WHEN_compute_tilt_status_from_acceleration_THEN_return_expected_tilt_status
1: 
1:  1 FAILED TEST
1: -- run_test.py: return code 1
1: -- run_test.py: inject classname prefix into gtest result file '/home/gepopa/ros2_ws/src/imu_tilt_detection/build/imu_tilt_detection/test_results/imu_tilt_detection/imu_tilt_detection_tilt_detector_test.gtest.xml'
1: -- run_test.py: verify result file '/home/gepopa/ros2_ws/src/imu_tilt_detection/build/imu_tilt_detection/test_results/imu_tilt_detection/imu_tilt_detection_tilt_detector_test.gtest.xml'
1/1 Test #1: imu_tilt_detection_tilt_detector_test ...***Failed    0.05 sec

0% tests passed[0;0m, [0;31m1 tests failed[0;0m out of 1

Label Time Summary:
gtest    =   0.05 sec*proc (1 test)

Total Test time (real) =   0.05 sec

The following tests FAILED:
	[0;31m  1 - imu_tilt_detection_tilt_detector_test (Failed)[0;0m
