[0.011s] Invoking command in '/home/gepopa/ros2_ws/src/imu_tilt_detection/build/imu_tilt_detection': CMAKE_PREFIX_PATH=${CMAKE_PREFIX_PATH}:/opt/ros/iron /usr/bin/cmake --build /home/gepopa/ros2_ws/src/imu_tilt_detection/build/imu_tilt_detection -- -j12 -l12
[0.053s] [  2%] Built target imu_tilt_detection__rosidl_generator_type_description
[0.055s] [  6%] Built target gtest_main
[0.055s] [ 11%] Built target gtest
[0.061s] [ 11%] Built target ament_cmake_python_copy_imu_tilt_detection
[0.065s] [35m[1mConsolidate compiler generated dependencies of target imu_tilt_detection_tilt_detector_test[0m
[0.070s] [ 13%] Built target imu_tilt_detection__cpp
[0.072s] [ 25%] Built target imu_tilt_detection__rosidl_generator_c
[0.077s] [ 27%] [32mBuilding CXX object CMakeFiles/imu_tilt_detection_tilt_detector_test.dir/test/tilt_detector_test.cpp.o[0m
[0.092s] [ 34%] Built target imu_tilt_detection__rosidl_typesupport_introspection_c
[0.093s] [ 40%] Built target imu_tilt_detection__rosidl_typesupport_cpp
[0.094s] [ 47%] Built target imu_tilt_detection__rosidl_typesupport_fastrtps_c
[0.094s] [ 54%] Built target imu_tilt_detection__rosidl_typesupport_fastrtps_cpp
[0.095s] [ 61%] Built target imu_tilt_detection__rosidl_typesupport_c
[0.097s] [ 68%] Built target imu_tilt_detection__rosidl_typesupport_introspection_cpp
[0.113s] [ 68%] Built target imu_tilt_detection
[0.115s] [ 75%] Built target tilt_publisher
[0.131s] [ 77%] Built target imu_tilt_detection__py
[0.149s] [ 81%] Built target imu_tilt_detection__rosidl_generator_py
[0.168s] [ 95%] Built target imu_tilt_detection__rosidl_typesupport_c__pyext
[0.168s] [ 95%] Built target imu_tilt_detection__rosidl_typesupport_introspection_c__pyext
[0.168s] [ 95%] Built target imu_tilt_detection__rosidl_typesupport_fastrtps_c__pyext
[0.274s] running egg_info
[0.275s] writing imu_tilt_detection.egg-info/PKG-INFO
[0.275s] writing dependency_links to imu_tilt_detection.egg-info/dependency_links.txt
[0.275s] writing top-level names to imu_tilt_detection.egg-info/top_level.txt
[0.277s] reading manifest file 'imu_tilt_detection.egg-info/SOURCES.txt'
[0.277s] writing manifest file 'imu_tilt_detection.egg-info/SOURCES.txt'
[0.299s] [ 95%] Built target ament_cmake_python_build_imu_tilt_detection_egg
[0.752s] In file included from [01m[K/opt/ros/iron/src/gtest_vendor/include/gtest/gtest.h:62[m[K,
[0.752s]                  from [01m[K/home/gepopa/ros2_ws/src/imu_tilt_detection/test/tilt_detector_test.cpp:1[m[K:
[0.752s] [01m[K/home/gepopa/ros2_ws/src/imu_tilt_detection/test/tilt_detector_test.cpp:18:1:[m[K [01;31m[Kerror: [m[Kexpected class-name before â€˜[01m[K{[m[Kâ€™ token
[0.752s]    18 | [01;31m[KTEST_F[m[K(GIVEN_acc_x_5_and_z_10, WHEN_compute_tilt_status_from_acceleration_THEN_return_expected_roll)
[0.752s]       | [01;31m[K^~~~~~[m[K
[0.755s] [01m[K/home/gepopa/ros2_ws/src/imu_tilt_detection/test/tilt_detector_test.cpp:18:8:[m[K [01;31m[Kerror: [m[Kâ€˜[01m[KGIVEN_acc_x_5_and_z_10[m[Kâ€™ was not declared in this scope; did you mean â€˜[01m[KGIVEN_acc_y_5_and_z_10[m[Kâ€™?
[0.755s]    18 | TEST_F([01;31m[KGIVEN_acc_x_5_and_z_10[m[K, WHEN_compute_tilt_status_from_acceleration_THEN_return_expected_roll)
[0.755s]       |        [01;31m[K^~~~~~~~~~~~~~~~~~~~~~[m[K
[0.755s] [01m[K/home/gepopa/ros2_ws/src/imu_tilt_detection/test/tilt_detector_test.cpp:18:1:[m[K [01;31m[Kerror: [m[Kno matching function for call to â€˜[01m[KGetTypeId<<expression error> >()[m[Kâ€™
[0.755s]    18 | [01;31m[KTEST_F[m[K(GIVEN_acc_x_5_and_z_10, WHEN_compute_tilt_status_from_acceleration_THEN_return_expected_roll)
[0.755s]       | [01;31m[K^~~~~~[m[K
[0.755s] [01m[K/opt/ros/iron/src/gtest_vendor/include/gtest/internal/gtest-internal.h:423:8:[m[K [01;36m[Knote: [m[Kcandidate: â€˜[01m[Ktemplate<class T> const void* testing::internal::GetTypeId()[m[Kâ€™
[0.755s]   423 | TypeId [01;36m[KGetTypeId[m[K() {
[0.755s]       |        [01;36m[K^~~~~~~~~[m[K
[0.755s] [01m[K/opt/ros/iron/src/gtest_vendor/include/gtest/internal/gtest-internal.h:423:8:[m[K [01;36m[Knote: [m[K  template argument deduction/substitution failed:
[0.755s] [01m[K/home/gepopa/ros2_ws/src/imu_tilt_detection/test/tilt_detector_test.cpp:18:1:[m[K [01;31m[Kerror: [m[Ktemplate argument 1 is invalid
[0.755s]    18 | [01;31m[KTEST_F[m[K(GIVEN_acc_x_5_and_z_10, WHEN_compute_tilt_status_from_acceleration_THEN_return_expected_roll)
[0.755s]       | [01;31m[K^~~~~~[m[K
[0.757s] [01m[K/home/gepopa/ros2_ws/src/imu_tilt_detection/test/tilt_detector_test.cpp:18:8:[m[K [01;31m[Kerror: [m[Kâ€˜[01m[KGIVEN_acc_x_5_and_z_10[m[Kâ€™ was not declared in this scope; did you mean â€˜[01m[KGIVEN_acc_y_5_and_z_10[m[Kâ€™?
[0.757s]    18 | TEST_F([01;31m[KGIVEN_acc_x_5_and_z_10[m[K, WHEN_compute_tilt_status_from_acceleration_THEN_return_expected_roll)
[0.757s]       |        [01;31m[K^~~~~~~~~~~~~~~~~~~~~~[m[K
[0.757s] [01m[K/home/gepopa/ros2_ws/src/imu_tilt_detection/test/tilt_detector_test.cpp:18:1:[m[K [01;31m[Kerror: [m[Ktemplate argument 1 is invalid
[0.757s]    18 | [01;31m[KTEST_F[m[K(GIVEN_acc_x_5_and_z_10, WHEN_compute_tilt_status_from_acceleration_THEN_return_expected_roll)
[0.758s]       | [01;31m[K^~~~~~[m[K
[0.760s] [01m[K/home/gepopa/ros2_ws/src/imu_tilt_detection/test/tilt_detector_test.cpp:18:8:[m[K [01;31m[Kerror: [m[Kâ€˜[01m[KGIVEN_acc_x_5_and_z_10[m[Kâ€™ was not declared in this scope; did you mean â€˜[01m[KGIVEN_acc_y_5_and_z_10[m[Kâ€™?
[0.760s]    18 | TEST_F([01;31m[KGIVEN_acc_x_5_and_z_10[m[K, WHEN_compute_tilt_status_from_acceleration_THEN_return_expected_roll)
[0.760s]       |        [01;31m[K^~~~~~~~~~~~~~~~~~~~~~[m[K
[0.760s] [01m[K/home/gepopa/ros2_ws/src/imu_tilt_detection/test/tilt_detector_test.cpp:18:1:[m[K [01;31m[Kerror: [m[Ktemplate argument 1 is invalid
[0.760s]    18 | [01;31m[KTEST_F[m[K(GIVEN_acc_x_5_and_z_10, WHEN_compute_tilt_status_from_acceleration_THEN_return_expected_roll)
[0.760s]       | [01;31m[K^~~~~~[m[K
[0.762s] [01m[K/home/gepopa/ros2_ws/src/imu_tilt_detection/test/tilt_detector_test.cpp:[m[K In member function â€˜[01m[Kvirtual void GIVEN_acc_x_5_and_z_10_WHEN_compute_tilt_status_from_acceleration_THEN_return_expected_roll_Test::TestBody()[m[Kâ€™:
[0.762s] [01m[K/home/gepopa/ros2_ws/src/imu_tilt_detection/test/tilt_detector_test.cpp:20:15:[m[K [01;31m[Kerror: [m[Kâ€˜[01m[Ktilt_detector[m[Kâ€™ was not declared in this scope; did you mean â€˜[01m[KTiltDetector[m[Kâ€™?
[0.762s]    20 |   bool roll = [01;31m[Ktilt_detector[m[K.compute_roll_deg_from_acceleration(acc_x,acc_y,acc_z);
[0.762s]       |               [01;31m[K^~~~~~~~~~~~~[m[K
[0.762s]       |               [32m[KTiltDetector[m[K
[0.764s] [01m[K/home/gepopa/ros2_ws/src/imu_tilt_detection/test/tilt_detector_test.cpp:20:64:[m[K [01;31m[Kerror: [m[Kâ€˜[01m[Kacc_x[m[Kâ€™ was not declared in this scope
[0.764s]    20 |   bool roll = tilt_detector.compute_roll_deg_from_acceleration([01;31m[Kacc_x[m[K,acc_y,acc_z);
[0.764s]       |                                                                [01;31m[K^~~~~[m[K
[0.766s] [01m[K/home/gepopa/ros2_ws/src/imu_tilt_detection/test/tilt_detector_test.cpp:20:70:[m[K [01;31m[Kerror: [m[Kâ€˜[01m[Kacc_y[m[Kâ€™ was not declared in this scope
[0.766s]    20 |   bool roll = tilt_detector.compute_roll_deg_from_acceleration(acc_x,[01;31m[Kacc_y[m[K,acc_z);
[0.766s]       |                                                                      [01;31m[K^~~~~[m[K
[0.768s] [01m[K/home/gepopa/ros2_ws/src/imu_tilt_detection/test/tilt_detector_test.cpp:20:76:[m[K [01;31m[Kerror: [m[Kâ€˜[01m[Kacc_z[m[Kâ€™ was not declared in this scope
[0.768s]    20 |   bool roll = tilt_detector.compute_roll_deg_from_acceleration(acc_x,acc_y,[01;31m[Kacc_z[m[K);
[0.768s]       |                                                                            [01;31m[K^~~~~[m[K
[0.771s] In file included from [01m[K/opt/ros/iron/src/gtest_vendor/include/gtest/gtest.h:375[m[K,
[0.771s]                  from [01m[K/home/gepopa/ros2_ws/src/imu_tilt_detection/test/tilt_detector_test.cpp:1[m[K:
[0.771s] [01m[K/home/gepopa/ros2_ws/src/imu_tilt_detection/test/tilt_detector_test.cpp:21:19:[m[K [01;31m[Kerror: [m[Kâ€˜[01m[Kexpected_roll[m[Kâ€™ was not declared in this scope
[0.771s]    21 |   ASSERT_EQ(roll, [01;31m[Kexpected_roll[m[K);
[0.771s]       |                   [01;31m[K^~~~~~~~~~~~~[m[K
[0.774s] [01m[K/home/gepopa/ros2_ws/src/imu_tilt_detection/test/tilt_detector_test.cpp:23:20:[m[K [01;31m[Kerror: [m[Kâ€˜[01m[Kexpected_pitch[m[Kâ€™ was not declared in this scope
[0.774s]    23 |   ASSERT_EQ(pitch, [01;31m[Kexpected_pitch[m[K);
[0.774s]       |                    [01;31m[K^~~~~~~~~~~~~~[m[K
[0.774s] [01m[K/home/gepopa/ros2_ws/src/imu_tilt_detection/test/tilt_detector_test.cpp:[m[K At global scope:
[0.774s] [01m[K/home/gepopa/ros2_ws/src/imu_tilt_detection/test/tilt_detector_test.cpp:26:8:[m[K [01;31m[Kerror: [m[Kredefinition of â€˜[01m[Kstruct GIVEN_acc_y_5_and_z_10[m[Kâ€™
[0.774s]    26 | struct [01;31m[KGIVEN_acc_y_5_and_z_10[m[K : public tilt_detector_tests {
[0.774s]       |        [01;31m[K^~~~~~~~~~~~~~~~~~~~~~[m[K
[0.774s] [01m[K/home/gepopa/ros2_ws/src/imu_tilt_detection/test/tilt_detector_test.cpp:10:8:[m[K [01;36m[Knote: [m[Kprevious definition of â€˜[01m[Kstruct GIVEN_acc_y_5_and_z_10[m[Kâ€™
[0.774s]    10 | struct [01;36m[KGIVEN_acc_y_5_and_z_10[m[K : public tilt_detector_tests {
[0.774s]       |        [01;36m[K^~~~~~~~~~~~~~~~~~~~~~[m[K
[0.852s] In file included from [01m[K/opt/ros/iron/src/gtest_vendor/include/gtest/gtest.h:62[m[K,
[0.852s]                  from [01m[K/home/gepopa/ros2_ws/src/imu_tilt_detection/test/tilt_detector_test.cpp:1[m[K:
[0.852s] /opt/ros/iron/src/gtest_vendor/include/gtest/internal/gtest-internal.h: In instantiation of â€˜[01m[Ktesting::Test* testing::internal::TestFactoryImpl<TestClass>::CreateTest() [with TestClass = GIVEN_acc_x_5_and_z_10_WHEN_compute_tilt_status_from_acceleration_THEN_return_expected_roll_Test][m[Kâ€™:
[0.852s] [01m[K/opt/ros/iron/src/gtest_vendor/include/gtest/internal/gtest-internal.h:460:9:[m[K   required from here
[0.852s] [01m[K/opt/ros/iron/src/gtest_vendor/include/gtest/internal/gtest-internal.h:460:44:[m[K [01;31m[Kerror: [m[Kcannot convert â€˜[01m[KGIVEN_acc_x_5_and_z_10_WHEN_compute_tilt_status_from_acceleration_THEN_return_expected_roll_Test*[m[Kâ€™ to â€˜[01m[Ktesting::Test*[m[Kâ€™ in return
[0.852s]   460 |   Test* CreateTest() override { return new [01;31m[KTestClass[m[K; }
[0.852s]       |                                            [01;31m[K^~~~~~~~~[m[K
[0.875s] gmake[2]: *** [CMakeFiles/imu_tilt_detection_tilt_detector_test.dir/build.make:76: CMakeFiles/imu_tilt_detection_tilt_detector_test.dir/test/tilt_detector_test.cpp.o] Error 1
[0.876s] gmake[1]: *** [CMakeFiles/Makefile2:673: CMakeFiles/imu_tilt_detection_tilt_detector_test.dir/all] Error 2
[0.876s] gmake: *** [Makefile:146: all] Error 2
[0.878s] Invoked command in '/home/gepopa/ros2_ws/src/imu_tilt_detection/build/imu_tilt_detection' returned '2': CMAKE_PREFIX_PATH=${CMAKE_PREFIX_PATH}:/opt/ros/iron /usr/bin/cmake --build /home/gepopa/ros2_ws/src/imu_tilt_detection/build/imu_tilt_detection -- -j12 -l12
