[0.019s] Invoking command in '/home/gepopa/ros2_ws/src/imu_tilt_detection/build/imu_tilt_detection': /usr/bin/ctest -C Release -D ExperimentalTest --no-compress-output -V --force-new-ctest-process tests
[0.026s] UpdateCTestConfiguration  from :/home/gepopa/ros2_ws/src/imu_tilt_detection/build/imu_tilt_detection/CTestConfiguration.ini
[0.026s] Parse Config file:/home/gepopa/ros2_ws/src/imu_tilt_detection/build/imu_tilt_detection/CTestConfiguration.ini
[0.026s]    Site: gepopa
[0.026s]    Build name: (empty)
[0.026s]  Add coverage exclude regular expressions.
[0.026s] Create new tag: 20230720-2136 - Experimental
[0.026s] UpdateCTestConfiguration  from :/home/gepopa/ros2_ws/src/imu_tilt_detection/build/imu_tilt_detection/CTestConfiguration.ini
[0.026s] Parse Config file:/home/gepopa/ros2_ws/src/imu_tilt_detection/build/imu_tilt_detection/CTestConfiguration.ini
[0.026s] Test project /home/gepopa/ros2_ws/src/imu_tilt_detection/build/imu_tilt_detection
[0.027s] Constructing a list of tests
[0.027s] Done constructing a list of tests
[0.027s] Updating test list for fixtures
[0.027s] Added 0 tests to meet fixture requirements
[0.027s] Checking test dependency graph...
[0.027s] Checking test dependency graph end
[0.027s] test 1
[0.027s]     Start 1: imu_tilt_detection_tilt_detector_test
[0.027s] 
[0.027s] 1: Test command: /usr/bin/python3.10 "-u" "/opt/ros/iron/share/ament_cmake_test/cmake/run_test.py" "/home/gepopa/ros2_ws/src/imu_tilt_detection/build/imu_tilt_detection/test_results/imu_tilt_detection/imu_tilt_detection_tilt_detector_test.gtest.xml" "--package-name" "imu_tilt_detection" "--output-file" "/home/gepopa/ros2_ws/src/imu_tilt_detection/build/imu_tilt_detection/ament_cmake_gtest/imu_tilt_detection_tilt_detector_test.txt" "--command" "/home/gepopa/ros2_ws/src/imu_tilt_detection/build/imu_tilt_detection/imu_tilt_detection_tilt_detector_test" "--gtest_output=xml:/home/gepopa/ros2_ws/src/imu_tilt_detection/build/imu_tilt_detection/test_results/imu_tilt_detection/imu_tilt_detection_tilt_detector_test.gtest.xml"
[0.027s] 1: Test timeout computed to be: 60
[0.073s] 1: -- run_test.py: invoking following command in '/home/gepopa/ros2_ws/src/imu_tilt_detection/build/imu_tilt_detection':
[0.073s] 1:  - /home/gepopa/ros2_ws/src/imu_tilt_detection/build/imu_tilt_detection/imu_tilt_detection_tilt_detector_test --gtest_output=xml:/home/gepopa/ros2_ws/src/imu_tilt_detection/build/imu_tilt_detection/test_results/imu_tilt_detection/imu_tilt_detection_tilt_detector_test.gtest.xml
[0.074s] 1: [==========] Running 2 tests from 2 test suites.
[0.074s] 1: [----------] Global test environment set-up.
[0.074s] 1: [----------] 1 test from tilt_detector
[0.074s] 1: [ RUN      ] tilt_detector.a_first_test
[0.074s] 1: [       OK ] tilt_detector.a_first_test (0 ms)
[0.074s] 1: [----------] 1 test from tilt_detector (0 ms total)
[0.075s] 1: 
[0.075s] 1: [----------] 1 test from tilt_detector2
[0.075s] 1: [ RUN      ] tilt_detector2.a_first_test2
[0.075s] 1: /home/gepopa/ros2_ws/src/imu_tilt_detection/test/tilt_detector_test.cpp:10: Failure
[0.075s] 1: Expected equality of these values:
[0.075s] 1:   4
[0.075s] 1:   3 + 2
[0.075s] 1:     Which is: 5
[0.075s] 1: [  FAILED  ] tilt_detector2.a_first_test2 (0 ms)
[0.075s] 1: [----------] 1 test from tilt_detector2 (0 ms total)
[0.075s] 1: 
[0.075s] 1: [----------] Global test environment tear-down
[0.075s] 1: [==========] 2 tests from 2 test suites ran. (0 ms total)
[0.075s] 1: [  PASSED  ] 1 test.
[0.075s] 1: [  FAILED  ] 1 test, listed below:
[0.075s] 1: [  FAILED  ] tilt_detector2.a_first_test2
[0.075s] 1: 
[0.075s] 1:  1 FAILED TEST
[0.075s] 1: -- run_test.py: return code 1
[0.075s] 1: -- run_test.py: inject classname prefix into gtest result file '/home/gepopa/ros2_ws/src/imu_tilt_detection/build/imu_tilt_detection/test_results/imu_tilt_detection/imu_tilt_detection_tilt_detector_test.gtest.xml'
[0.076s] 1: -- run_test.py: verify result file '/home/gepopa/ros2_ws/src/imu_tilt_detection/build/imu_tilt_detection/test_results/imu_tilt_detection/imu_tilt_detection_tilt_detector_test.gtest.xml'
[0.080s] 1/1 Test #1: imu_tilt_detection_tilt_detector_test ...***Failed    0.05 sec
[0.081s] 
[0.081s] 0% tests passed[0;0m, [0;31m1 tests failed[0;0m out of 1
[0.081s] 
[0.081s] Label Time Summary:
[0.081s] gtest    =   0.05 sec*proc (1 test)
[0.081s] 
[0.081s] Total Test time (real) =   0.05 sec
[0.081s] 
[0.081s] The following tests FAILED:
[0.081s] 	[0;31m  1 - imu_tilt_detection_tilt_detector_test (Failed)[0;0m
[0.082s] Errors while running CTest
[0.082s] Output from these tests are in: /home/gepopa/ros2_ws/src/imu_tilt_detection/build/imu_tilt_detection/Testing/Temporary/LastTest.log
[0.082s] Use "--rerun-failed --output-on-failure" to re-run the failed cases verbosely.
[0.084s] Invoked command in '/home/gepopa/ros2_ws/src/imu_tilt_detection/build/imu_tilt_detection' returned '8': /usr/bin/ctest -C Release -D ExperimentalTest --no-compress-output -V --force-new-ctest-process tests
