[0.021s] Invoking command in '/home/gepopa/ros2_ws/src/imu_tilt_detection/build/imu_tilt_detection': /usr/bin/ctest -C Release -D ExperimentalTest --no-compress-output -V --force-new-ctest-process tests
[0.027s] UpdateCTestConfiguration  from :/home/gepopa/ros2_ws/src/imu_tilt_detection/build/imu_tilt_detection/CTestConfiguration.ini
[0.027s] Parse Config file:/home/gepopa/ros2_ws/src/imu_tilt_detection/build/imu_tilt_detection/CTestConfiguration.ini
[0.027s]    Site: gepopa
[0.027s]    Build name: (empty)
[0.028s]  Add coverage exclude regular expressions.
[0.028s] Create new tag: 20230720-2328 - Experimental
[0.028s] UpdateCTestConfiguration  from :/home/gepopa/ros2_ws/src/imu_tilt_detection/build/imu_tilt_detection/CTestConfiguration.ini
[0.028s] Parse Config file:/home/gepopa/ros2_ws/src/imu_tilt_detection/build/imu_tilt_detection/CTestConfiguration.ini
[0.028s] Test project /home/gepopa/ros2_ws/src/imu_tilt_detection/build/imu_tilt_detection
[0.028s] Constructing a list of tests
[0.028s] Done constructing a list of tests
[0.028s] Updating test list for fixtures
[0.028s] Added 0 tests to meet fixture requirements
[0.028s] Checking test dependency graph...
[0.029s] Checking test dependency graph end
[0.029s] test 1
[0.029s]     Start 1: imu_tilt_detection_tilt_detector_test
[0.029s] 
[0.029s] 1: Test command: /usr/bin/python3.10 "-u" "/opt/ros/iron/share/ament_cmake_test/cmake/run_test.py" "/home/gepopa/ros2_ws/src/imu_tilt_detection/build/imu_tilt_detection/test_results/imu_tilt_detection/imu_tilt_detection_tilt_detector_test.gtest.xml" "--package-name" "imu_tilt_detection" "--output-file" "/home/gepopa/ros2_ws/src/imu_tilt_detection/build/imu_tilt_detection/ament_cmake_gtest/imu_tilt_detection_tilt_detector_test.txt" "--command" "/home/gepopa/ros2_ws/src/imu_tilt_detection/build/imu_tilt_detection/imu_tilt_detection_tilt_detector_test" "--gtest_output=xml:/home/gepopa/ros2_ws/src/imu_tilt_detection/build/imu_tilt_detection/test_results/imu_tilt_detection/imu_tilt_detection_tilt_detector_test.gtest.xml"
[0.029s] 1: Test timeout computed to be: 60
[0.073s] 1: -- run_test.py: invoking following command in '/home/gepopa/ros2_ws/src/imu_tilt_detection/build/imu_tilt_detection':
[0.073s] 1:  - /home/gepopa/ros2_ws/src/imu_tilt_detection/build/imu_tilt_detection/imu_tilt_detection_tilt_detector_test --gtest_output=xml:/home/gepopa/ros2_ws/src/imu_tilt_detection/build/imu_tilt_detection/test_results/imu_tilt_detection/imu_tilt_detection_tilt_detector_test.gtest.xml
[0.075s] 1: [==========] Running 8 tests from 8 test suites.
[0.075s] 1: [----------] Global test environment set-up.
[0.075s] 1: [----------] 1 test from GIVEN_acc_x_5_and_z_10
[0.075s] 1: [ RUN      ] GIVEN_acc_x_5_and_z_10.WHEN_compute_tilt_status_from_acceleration_THEN_return_expected_roll
[0.075s] 1: roll0
[0.076s] 1: /home/gepopa/ros2_ws/src/imu_tilt_detection/test/tilt_detector_test.cpp:22: Failure
[0.076s] 1: Expected equality of these values:
[0.076s] 1:   roll
[0.076s] 1:     Which is: false
[0.076s] 1:   expected_roll
[0.076s] 1:     Which is: 45
[0.076s] 1: [  FAILED  ] GIVEN_acc_x_5_and_z_10.WHEN_compute_tilt_status_from_acceleration_THEN_return_expected_roll (0 ms)
[0.076s] 1: [----------] 1 test from GIVEN_acc_x_5_and_z_10 (0 ms total)
[0.076s] 1: 
[0.076s] 1: [----------] 1 test from GIVEN_acc_y_5_and_z_10
[0.076s] 1: [ RUN      ] GIVEN_acc_y_5_and_z_10.WHEN_compute_tilt_status_from_acceleration_THEN_return_expected_roll
[0.076s] 1: /home/gepopa/ros2_ws/src/imu_tilt_detection/test/tilt_detector_test.cpp:39: Failure
[0.076s] 1: Expected equality of these values:
[0.076s] 1:   roll
[0.076s] 1:     Which is: true
[0.077s] 1:   expected_roll
[0.077s] 1:     Which is: 0
[0.077s] 1: [  FAILED  ] GIVEN_acc_y_5_and_z_10.WHEN_compute_tilt_status_from_acceleration_THEN_return_expected_roll (0 ms)
[0.077s] 1: [----------] 1 test from GIVEN_acc_y_5_and_z_10 (0 ms total)
[0.077s] 1: 
[0.077s] 1: [----------] 1 test from GIVEN_acc_x_5_and_y_5_and_z_10
[0.077s] 1: [ RUN      ] GIVEN_acc_x_5_and_y_5_and_z_10.WHEN_compute_tilt_status_from_acceleration_THEN_return_expected_roll
[0.077s] 1: /home/gepopa/ros2_ws/src/imu_tilt_detection/test/tilt_detector_test.cpp:55: Failure
[0.077s] 1: Expected equality of these values:
[0.077s] 1:   roll
[0.077s] 1:     Which is: true
[0.077s] 1:   expected_roll
[0.077s] 1:     Which is: 45
[0.077s] 1: [  FAILED  ] GIVEN_acc_x_5_and_y_5_and_z_10.WHEN_compute_tilt_status_from_acceleration_THEN_return_expected_roll (0 ms)
[0.077s] 1: [----------] 1 test from GIVEN_acc_x_5_and_y_5_and_z_10 (0 ms total)
[0.077s] 1: 
[0.077s] 1: [----------] 1 test from GIVEN_roll_tilt_higher_than_threshold
[0.077s] 1: [ RUN      ] GIVEN_roll_tilt_higher_than_threshold.WHEN_compute_tilt_status_from_acceleration_THEN_return_expected_tilt_status
[0.077s] 1: [       OK ] GIVEN_roll_tilt_higher_than_threshold.WHEN_compute_tilt_status_from_acceleration_THEN_return_expected_tilt_status (0 ms)
[0.077s] 1: [----------] 1 test from GIVEN_roll_tilt_higher_than_threshold (0 ms total)
[0.077s] 1: 
[0.077s] 1: [----------] 1 test from GIVEN_pitch_tilt_higher_than_threshold
[0.078s] 1: [ RUN      ] GIVEN_pitch_tilt_higher_than_threshold.WHEN_compute_tilt_status_from_acceleration_THEN_return_expected_tilt_status
[0.078s] 1: [       OK ] GIVEN_pitch_tilt_higher_than_threshold.WHEN_compute_tilt_status_from_acceleration_THEN_return_expected_tilt_status (0 ms)
[0.078s] 1: [----------] 1 test from GIVEN_pitch_tilt_higher_than_threshold (0 ms total)
[0.078s] 1: 
[0.078s] 1: [----------] 1 test from GIVEN_tilt_lower_than_threshold
[0.078s] 1: [ RUN      ] GIVEN_tilt_lower_than_threshold.WHEN_compute_tilt_status_from_acceleration_THEN_return_expected_tilt_status
[0.078s] 1: [       OK ] GIVEN_tilt_lower_than_threshold.WHEN_compute_tilt_status_from_acceleration_THEN_return_expected_tilt_status (0 ms)
[0.078s] 1: [----------] 1 test from GIVEN_tilt_lower_than_threshold (0 ms total)
[0.078s] 1: 
[0.078s] 1: [----------] 1 test from GIVEN_mean_higher_than_threshold
[0.078s] 1: [ RUN      ] GIVEN_mean_higher_than_threshold.WHEN_compute_tilt_status_from_acceleration_THEN_return_expected_tilt_status
[0.078s] 1: [       OK ] GIVEN_mean_higher_than_threshold.WHEN_compute_tilt_status_from_acceleration_THEN_return_expected_tilt_status (0 ms)
[0.078s] 1: [----------] 1 test from GIVEN_mean_higher_than_threshold (0 ms total)
[0.078s] 1: 
[0.078s] 1: [----------] 1 test from GIVEN_mean_lower_than_threshold
[0.078s] 1: [ RUN      ] GIVEN_mean_lower_than_threshold.WHEN_compute_tilt_status_from_acceleration_THEN_return_expected_tilt_status
[0.078s] 1: [       OK ] GIVEN_mean_lower_than_threshold.WHEN_compute_tilt_status_from_acceleration_THEN_return_expected_tilt_status (0 ms)
[0.078s] 1: [----------] 1 test from GIVEN_mean_lower_than_threshold (0 ms total)
[0.078s] 1: 
[0.078s] 1: [----------] Global test environment tear-down
[0.079s] 1: [==========] 8 tests from 8 test suites ran. (0 ms total)
[0.079s] 1: [  PASSED  ] 5 tests.
[0.079s] 1: [  FAILED  ] 3 tests, listed below:
[0.079s] 1: [  FAILED  ] GIVEN_acc_x_5_and_z_10.WHEN_compute_tilt_status_from_acceleration_THEN_return_expected_roll
[0.079s] 1: [  FAILED  ] GIVEN_acc_y_5_and_z_10.WHEN_compute_tilt_status_from_acceleration_THEN_return_expected_roll
[0.079s] 1: [  FAILED  ] GIVEN_acc_x_5_and_y_5_and_z_10.WHEN_compute_tilt_status_from_acceleration_THEN_return_expected_roll
[0.079s] 1: 
[0.079s] 1:  3 FAILED TESTS
[0.079s] 1: -- run_test.py: return code 1
[0.079s] 1: -- run_test.py: inject classname prefix into gtest result file '/home/gepopa/ros2_ws/src/imu_tilt_detection/build/imu_tilt_detection/test_results/imu_tilt_detection/imu_tilt_detection_tilt_detector_test.gtest.xml'
[0.079s] 1: -- run_test.py: verify result file '/home/gepopa/ros2_ws/src/imu_tilt_detection/build/imu_tilt_detection/test_results/imu_tilt_detection/imu_tilt_detection_tilt_detector_test.gtest.xml'
[0.082s] 1/1 Test #1: imu_tilt_detection_tilt_detector_test ...***Failed    0.05 sec
[0.083s] 
[0.083s] 0% tests passed[0;0m, [0;31m1 tests failed[0;0m out of 1
[0.083s] 
[0.083s] Label Time Summary:
[0.083s] gtest    =   0.05 sec*proc (1 test)
[0.083s] 
[0.083s] Total Test time (real) =   0.05 sec
[0.083s] 
[0.083s] The following tests FAILED:
[0.083s] 	[0;31m  1 - imu_tilt_detection_tilt_detector_test (Failed)[0;0m
[0.084s] Errors while running CTest
[0.084s] Output from these tests are in: /home/gepopa/ros2_ws/src/imu_tilt_detection/build/imu_tilt_detection/Testing/Temporary/LastTest.log
[0.085s] Use "--rerun-failed --output-on-failure" to re-run the failed cases verbosely.
[0.086s] Invoked command in '/home/gepopa/ros2_ws/src/imu_tilt_detection/build/imu_tilt_detection' returned '8': /usr/bin/ctest -C Release -D ExperimentalTest --no-compress-output -V --force-new-ctest-process tests
