[0.011s] Invoking command in '/home/gepopa/ros2_ws/src/imu_tilt_detection/build/imu_tilt_detection': CMAKE_PREFIX_PATH=${CMAKE_PREFIX_PATH}:/opt/ros/iron /usr/bin/cmake --build /home/gepopa/ros2_ws/src/imu_tilt_detection/build/imu_tilt_detection -- -j12 -l12
[0.054s] [  2%] Built target imu_tilt_detection__rosidl_generator_type_description
[0.055s] [  6%] Built target gtest_main
[0.056s] [ 11%] Built target gtest
[0.062s] [ 11%] Built target ament_cmake_python_copy_imu_tilt_detection
[0.065s] [35m[1mConsolidate compiler generated dependencies of target imu_tilt_detection_tilt_detector_test[0m
[0.072s] [ 13%] Built target imu_tilt_detection__cpp
[0.073s] [ 25%] Built target imu_tilt_detection__rosidl_generator_c
[0.078s] [ 27%] [32mBuilding CXX object CMakeFiles/imu_tilt_detection_tilt_detector_test.dir/test/tilt_detector_test.cpp.o[0m
[0.093s] [ 34%] Built target imu_tilt_detection__rosidl_typesupport_cpp
[0.093s] [ 41%] Built target imu_tilt_detection__rosidl_typesupport_introspection_c
[0.093s] [ 48%] Built target imu_tilt_detection__rosidl_typesupport_fastrtps_cpp
[0.093s] [ 55%] Built target imu_tilt_detection__rosidl_typesupport_fastrtps_c
[0.097s] [ 62%] Built target imu_tilt_detection__rosidl_typesupport_c
[0.099s] [ 69%] Built target imu_tilt_detection__rosidl_typesupport_introspection_cpp
[0.115s] [ 76%] Built target tilt_publisher
[0.115s] [ 76%] Built target imu_tilt_detection
[0.133s] [ 79%] Built target imu_tilt_detection__py
[0.152s] [ 83%] Built target imu_tilt_detection__rosidl_generator_py
[0.170s] [ 97%] Built target imu_tilt_detection__rosidl_typesupport_introspection_c__pyext
[0.170s] [ 97%] Built target imu_tilt_detection__rosidl_typesupport_fastrtps_c__pyext
[0.171s] [ 97%] Built target imu_tilt_detection__rosidl_typesupport_c__pyext
[0.276s] running egg_info
[0.277s] writing imu_tilt_detection.egg-info/PKG-INFO
[0.277s] writing dependency_links to imu_tilt_detection.egg-info/dependency_links.txt
[0.277s] writing top-level names to imu_tilt_detection.egg-info/top_level.txt
[0.279s] reading manifest file 'imu_tilt_detection.egg-info/SOURCES.txt'
[0.280s] writing manifest file 'imu_tilt_detection.egg-info/SOURCES.txt'
[0.299s] [ 97%] Built target ament_cmake_python_build_imu_tilt_detection_egg
[0.744s] [01m[K/home/gepopa/ros2_ws/src/imu_tilt_detection/test/tilt_detector_test.cpp:7:11:[m[K [01;31m[Kerror: [m[Knon-static data member declared with placeholder â€˜[01m[Kconst auto[m[Kâ€™
[0.744s]     7 |     const [01;31m[Kauto[m[K tilt_detector = TiltDetector(nb_values_for_mean, tilt_threshold_deg);
[0.744s]       |           [01;31m[K^~~~[m[K
[0.747s] [01m[K/home/gepopa/ros2_ws/src/imu_tilt_detection/test/tilt_detector_test.cpp:[m[K In member function â€˜[01m[Kvirtual void GIVEN_roll_tilt_higher_than_threshold_WHEN_compute_tilt_status_from_acceleration_THEN_return_expected_tilt_status_Test::TestBody()[m[Kâ€™:
[0.747s] [01m[K/home/gepopa/ros2_ws/src/imu_tilt_detection/test/tilt_detector_test.cpp:19:69:[m[K [01;31m[Kerror: [m[Kâ€˜[01m[Kx[m[Kâ€™ was not declared in this scope
[0.747s]    19 |   bool status = tilt_detector.compute_tilt_status_from_acceleration([01;31m[Kx[m[K,y,z);
[0.747s]       |                                                                     [01;31m[K^[m[K
[0.748s] [01m[K/home/gepopa/ros2_ws/src/imu_tilt_detection/test/tilt_detector_test.cpp:19:71:[m[K [01;31m[Kerror: [m[Kâ€˜[01m[Ky[m[Kâ€™ was not declared in this scope
[0.748s]    19 |   bool status = tilt_detector.compute_tilt_status_from_acceleration(x,[01;31m[Ky[m[K,z);
[0.748s]       |                                                                       [01;31m[K^[m[K
[0.750s] [01m[K/home/gepopa/ros2_ws/src/imu_tilt_detection/test/tilt_detector_test.cpp:19:73:[m[K [01;31m[Kerror: [m[Kâ€˜[01m[Kz[m[Kâ€™ was not declared in this scope
[0.750s]    19 |   bool status = tilt_detector.compute_tilt_status_from_acceleration(x,y,[01;31m[Kz[m[K);
[0.750s]       |                                                                         [01;31m[K^[m[K
[0.832s] gmake[2]: *** [CMakeFiles/imu_tilt_detection_tilt_detector_test.dir/build.make:76: CMakeFiles/imu_tilt_detection_tilt_detector_test.dir/test/tilt_detector_test.cpp.o] Error 1
[0.832s] gmake[1]: *** [CMakeFiles/Makefile2:673: CMakeFiles/imu_tilt_detection_tilt_detector_test.dir/all] Error 2
[0.832s] gmake: *** [Makefile:146: all] Error 2
[0.834s] Invoked command in '/home/gepopa/ros2_ws/src/imu_tilt_detection/build/imu_tilt_detection' returned '2': CMAKE_PREFIX_PATH=${CMAKE_PREFIX_PATH}:/opt/ros/iron /usr/bin/cmake --build /home/gepopa/ros2_ws/src/imu_tilt_detection/build/imu_tilt_detection -- -j12 -l12
