[0.012s] Invoking command in '/home/gepopa/ros2_ws/src/imu_tilt_detection/build/imu_tilt_detection': CMAKE_PREFIX_PATH=${CMAKE_PREFIX_PATH}:/opt/ros/iron /usr/bin/cmake --build /home/gepopa/ros2_ws/src/imu_tilt_detection/build/imu_tilt_detection -- -j12 -l12
[0.053s] [  2%] Built target imu_tilt_detection__rosidl_generator_type_description
[0.055s] [  6%] Built target gtest_main
[0.056s] [ 11%] Built target gtest
[0.062s] [ 11%] Built target ament_cmake_python_copy_imu_tilt_detection
[0.071s] [ 13%] Built target imu_tilt_detection__cpp
[0.073s] [ 25%] Built target imu_tilt_detection__rosidl_generator_c
[0.074s] [ 30%] Built target imu_tilt_detection_tilt_detector_test
[0.092s] [ 39%] Built target imu_tilt_detection__rosidl_typesupport_c
[0.093s] [ 48%] Built target imu_tilt_detection__rosidl_typesupport_cpp
[0.093s] [ 51%] Built target imu_tilt_detection__rosidl_typesupport_introspection_c
[0.093s] [ 58%] Built target imu_tilt_detection__rosidl_typesupport_introspection_cpp
[0.097s] [ 65%] Built target imu_tilt_detection__rosidl_typesupport_fastrtps_cpp
[0.098s] [ 72%] Built target imu_tilt_detection__rosidl_typesupport_fastrtps_c
[0.103s] [35m[1mConsolidate compiler generated dependencies of target tilt_publisher[0m
[0.115s] [ 72%] Built target imu_tilt_detection
[0.121s] [ 76%] [32mBuilding CXX object CMakeFiles/tilt_publisher.dir/src/tilt_detector.cpp.o[0m
[0.121s] [ 76%] [32mBuilding CXX object CMakeFiles/tilt_publisher.dir/src/tilt_publisher.cpp.o[0m
[0.134s] [ 79%] Built target imu_tilt_detection__py
[0.152s] [ 83%] Built target imu_tilt_detection__rosidl_generator_py
[0.170s] [ 97%] Built target imu_tilt_detection__rosidl_typesupport_introspection_c__pyext
[0.171s] [ 97%] Built target imu_tilt_detection__rosidl_typesupport_c__pyext
[0.171s] [ 97%] Built target imu_tilt_detection__rosidl_typesupport_fastrtps_c__pyext
[0.262s] [01m[K/home/gepopa/ros2_ws/src/imu_tilt_detection/src/tilt_detector.cpp:[m[K In member function â€˜[01m[Kdouble TiltDetector::compute_pitch_deg_from_acceleration(double, double, double)[m[Kâ€™:
[0.262s] [01m[K/home/gepopa/ros2_ws/src/imu_tilt_detection/src/tilt_detector.cpp:13:12:[m[K [01;31m[Kerror: [m[Kâ€˜[01m[Kpitch[m[Kâ€™ was not declared in this scope
[0.262s]    13 |     return [01;31m[Kpitch[m[K = atan2(x, sqrt(pow(y,2) + pow(z,2))) * (180 / M_PI); //around x axis
[0.262s]       |            [01;31m[K^~~~~[m[K
[0.263s] [01m[K/home/gepopa/ros2_ws/src/imu_tilt_detection/src/tilt_detector.cpp:[m[K In member function â€˜[01m[Kbool TiltDetector::compute_tilt_status_from_acceleration(double, double, double)[m[Kâ€™:
[0.263s] [01m[K/home/gepopa/ros2_ws/src/imu_tilt_detection/src/tilt_detector.cpp:30:23:[m[K [01;31m[Kerror: [m[Kâ€˜[01m[Kaccumulate[m[Kâ€™ is not a member of â€˜[01m[Kstd[m[Kâ€™
[0.263s]    30 |     double sum = std::[01;31m[Kaccumulate[m[K(_tilted_values.begin(), _tilted_values.end(), 0.0);
[0.263s]       |                       [01;31m[K^~~~~~~~~~[m[K
[0.273s] running egg_info
[0.274s] writing imu_tilt_detection.egg-info/PKG-INFO
[0.274s] writing dependency_links to imu_tilt_detection.egg-info/dependency_links.txt
[0.274s] writing top-level names to imu_tilt_detection.egg-info/top_level.txt
[0.276s] reading manifest file 'imu_tilt_detection.egg-info/SOURCES.txt'
[0.276s] writing manifest file 'imu_tilt_detection.egg-info/SOURCES.txt'
[0.297s] [ 97%] Built target ament_cmake_python_build_imu_tilt_detection_egg
[0.301s] gmake[2]: *** [CMakeFiles/tilt_publisher.dir/build.make:90: CMakeFiles/tilt_publisher.dir/src/tilt_detector.cpp.o] Error 1
[0.301s] gmake[2]: *** Waiting for unfinished jobs....
[2.137s] [01m[K/home/gepopa/ros2_ws/src/imu_tilt_detection/src/tilt_publisher.cpp:[m[K In constructor â€˜[01m[KTiltPublisher::TiltPublisher()[m[Kâ€™:
[2.137s] [01m[K/home/gepopa/ros2_ws/src/imu_tilt_detection/src/tilt_publisher.cpp:9:44:[m[K [01;31m[Kerror: [m[Kno matching function for call to â€˜[01m[KTiltDetector::TiltDetector()[m[Kâ€™
[2.137s]     9 |     TiltPublisher() : Node("tilt_publisher"[01;31m[K)[m[K
[2.138s]       |                                            [01;31m[K^[m[K
[2.138s] In file included from [01m[K/home/gepopa/ros2_ws/src/imu_tilt_detection/src/tilt_publisher.cpp:4[m[K:
[2.138s] [01m[K/home/gepopa/ros2_ws/src/imu_tilt_detection/include/imu_tilt_detection/tilt_detector.h:7:5:[m[K [01;36m[Knote: [m[Kcandidate: â€˜[01m[KTiltDetector::TiltDetector(size_t, int)[m[Kâ€™
[2.138s]     7 |     [01;36m[KTiltDetector[m[K(size_t nb_values_for_mean, int tilt_threshold_deg);
[2.138s]       |     [01;36m[K^~~~~~~~~~~~[m[K
[2.138s] [01m[K/home/gepopa/ros2_ws/src/imu_tilt_detection/include/imu_tilt_detection/tilt_detector.h:7:5:[m[K [01;36m[Knote: [m[K  candidate expects 2 arguments, 0 provided
[2.138s] [01m[K/home/gepopa/ros2_ws/src/imu_tilt_detection/include/imu_tilt_detection/tilt_detector.h:4:7:[m[K [01;36m[Knote: [m[Kcandidate: â€˜[01m[KTiltDetector::TiltDetector(const TiltDetector&)[m[Kâ€™
[2.138s]     4 | class [01;36m[KTiltDetector[m[K
[2.138s]       |       [01;36m[K^~~~~~~~~~~~[m[K
[2.138s] [01m[K/home/gepopa/ros2_ws/src/imu_tilt_detection/include/imu_tilt_detection/tilt_detector.h:4:7:[m[K [01;36m[Knote: [m[K  candidate expects 1 argument, 0 provided
[2.138s] [01m[K/home/gepopa/ros2_ws/src/imu_tilt_detection/include/imu_tilt_detection/tilt_detector.h:4:7:[m[K [01;36m[Knote: [m[Kcandidate: â€˜[01m[KTiltDetector::TiltDetector(TiltDetector&&)[m[Kâ€™
[2.138s] [01m[K/home/gepopa/ros2_ws/src/imu_tilt_detection/include/imu_tilt_detection/tilt_detector.h:4:7:[m[K [01;36m[Knote: [m[K  candidate expects 1 argument, 0 provided
[2.149s] [01m[K/home/gepopa/ros2_ws/src/imu_tilt_detection/src/tilt_publisher.cpp:13:26:[m[K [01;31m[Kerror: [m[Kâ€˜[01m[KTiltDectector[m[Kâ€™ was not declared in this scope; did you mean â€˜[01m[KTiltDetector[m[Kâ€™?
[2.149s]    13 |         tilt_detector_ = [01;31m[KTiltDectector[m[K(_nb_values_for_mean, _tilt_threshold_deg);
[2.149s]       |                          [01;31m[K^~~~~~~~~~~~~[m[K
[2.149s]       |                          [32m[KTiltDetector[m[K
[2.153s] In file included from [01m[K/opt/ros/iron/include/rclcpp/rclcpp/logging.hpp:24[m[K,
[2.153s]                  from [01m[K/opt/ros/iron/include/rclcpp/rclcpp/client.hpp:43[m[K,
[2.153s]                  from [01m[K/opt/ros/iron/include/rclcpp/rclcpp/callback_group.hpp:24[m[K,
[2.153s]                  from [01m[K/opt/ros/iron/include/rclcpp/rclcpp/any_executable.hpp:20[m[K,
[2.153s]                  from [01m[K/opt/ros/iron/include/rclcpp/rclcpp/memory_strategy.hpp:25[m[K,
[2.153s]                  from [01m[K/opt/ros/iron/include/rclcpp/rclcpp/memory_strategies.hpp:18[m[K,
[2.153s]                  from [01m[K/opt/ros/iron/include/rclcpp/rclcpp/executor_options.hpp:20[m[K,
[2.153s]                  from [01m[K/opt/ros/iron/include/rclcpp/rclcpp/executor.hpp:37[m[K,
[2.153s]                  from [01m[K/opt/ros/iron/include/rclcpp/rclcpp/executors/multi_threaded_executor.hpp:25[m[K,
[2.153s]                  from [01m[K/opt/ros/iron/include/rclcpp/rclcpp/executors.hpp:21[m[K,
[2.153s]                  from [01m[K/opt/ros/iron/include/rclcpp/rclcpp/rclcpp.hpp:167[m[K,
[2.153s]                  from [01m[K/home/gepopa/ros2_ws/src/imu_tilt_detection/src/tilt_publisher.cpp:2[m[K:
[2.153s] [01m[K/home/gepopa/ros2_ws/src/imu_tilt_detection/src/tilt_publisher.cpp:[m[K In member function â€˜[01m[Kvoid TiltPublisher::publish_message(const Imu&)[m[Kâ€™:
[2.153s] [01m[K/home/gepopa/ros2_ws/src/imu_tilt_detection/src/tilt_publisher.cpp:29:106:[m[K [01;31m[Kerror: [m[Kâ€˜[01m[Ksum[m[Kâ€™ was not declared in this scope
[2.153s]    29 |         RCLCPP_INFO(this->get_logger(), "Publishing: '%s' sum: '%f'", message.tilted ? "True" : "False", [01;31m[Ksum[m[K);
[2.154s]       |                                                                                                          [01;31m[K^~~[m[K
[3.762s] gmake[2]: *** [CMakeFiles/tilt_publisher.dir/build.make:76: CMakeFiles/tilt_publisher.dir/src/tilt_publisher.cpp.o] Error 1
[3.762s] gmake[1]: *** [CMakeFiles/Makefile2:646: CMakeFiles/tilt_publisher.dir/all] Error 2
[3.763s] gmake: *** [Makefile:146: all] Error 2
[3.764s] Invoked command in '/home/gepopa/ros2_ws/src/imu_tilt_detection/build/imu_tilt_detection' returned '2': CMAKE_PREFIX_PATH=${CMAKE_PREFIX_PATH}:/opt/ros/iron /usr/bin/cmake --build /home/gepopa/ros2_ws/src/imu_tilt_detection/build/imu_tilt_detection -- -j12 -l12
