In file included from [01m[K/opt/ros/iron/src/gtest_vendor/include/gtest/gtest.h:62[m[K,
                 from [01m[K/home/gepopa/ros2_ws/src/imu_tilt_detection/test/tilt_detector_test.cpp:1[m[K:
[01m[K/home/gepopa/ros2_ws/src/imu_tilt_detection/test/tilt_detector_test.cpp:18:1:[m[K [01;31m[Kerror: [m[Kexpected class-name before â€˜[01m[K{[m[Kâ€™ token
   18 | [01;31m[KTEST_F[m[K(GIVEN_acc_x_5_and_z_10, WHEN_compute_tilt_status_from_acceleration_THEN_return_expected_roll)
      | [01;31m[K^~~~~~[m[K
[01m[K/home/gepopa/ros2_ws/src/imu_tilt_detection/test/tilt_detector_test.cpp:18:8:[m[K [01;31m[Kerror: [m[Kâ€˜[01m[KGIVEN_acc_x_5_and_z_10[m[Kâ€™ was not declared in this scope; did you mean â€˜[01m[KGIVEN_acc_x_10_and_z_10[m[Kâ€™?
   18 | TEST_F([01;31m[KGIVEN_acc_x_5_and_z_10[m[K, WHEN_compute_tilt_status_from_acceleration_THEN_return_expected_roll)
      |        [01;31m[K^~~~~~~~~~~~~~~~~~~~~~[m[K
[01m[K/home/gepopa/ros2_ws/src/imu_tilt_detection/test/tilt_detector_test.cpp:18:1:[m[K [01;31m[Kerror: [m[Kno matching function for call to â€˜[01m[KGetTypeId<<expression error> >()[m[Kâ€™
   18 | [01;31m[KTEST_F[m[K(GIVEN_acc_x_5_and_z_10, WHEN_compute_tilt_status_from_acceleration_THEN_return_expected_roll)
      | [01;31m[K^~~~~~[m[K
[01m[K/opt/ros/iron/src/gtest_vendor/include/gtest/internal/gtest-internal.h:423:8:[m[K [01;36m[Knote: [m[Kcandidate: â€˜[01m[Ktemplate<class T> const void* testing::internal::GetTypeId()[m[Kâ€™
  423 | TypeId [01;36m[KGetTypeId[m[K() {
      |        [01;36m[K^~~~~~~~~[m[K
[01m[K/opt/ros/iron/src/gtest_vendor/include/gtest/internal/gtest-internal.h:423:8:[m[K [01;36m[Knote: [m[K  template argument deduction/substitution failed:
[01m[K/home/gepopa/ros2_ws/src/imu_tilt_detection/test/tilt_detector_test.cpp:18:1:[m[K [01;31m[Kerror: [m[Ktemplate argument 1 is invalid
   18 | [01;31m[KTEST_F[m[K(GIVEN_acc_x_5_and_z_10, WHEN_compute_tilt_status_from_acceleration_THEN_return_expected_roll)
      | [01;31m[K^~~~~~[m[K
[01m[K/home/gepopa/ros2_ws/src/imu_tilt_detection/test/tilt_detector_test.cpp:18:8:[m[K [01;31m[Kerror: [m[Kâ€˜[01m[KGIVEN_acc_x_5_and_z_10[m[Kâ€™ was not declared in this scope; did you mean â€˜[01m[KGIVEN_acc_x_10_and_z_10[m[Kâ€™?
   18 | TEST_F([01;31m[KGIVEN_acc_x_5_and_z_10[m[K, WHEN_compute_tilt_status_from_acceleration_THEN_return_expected_roll)
      |        [01;31m[K^~~~~~~~~~~~~~~~~~~~~~[m[K
[01m[K/home/gepopa/ros2_ws/src/imu_tilt_detection/test/tilt_detector_test.cpp:18:1:[m[K [01;31m[Kerror: [m[Ktemplate argument 1 is invalid
   18 | [01;31m[KTEST_F[m[K(GIVEN_acc_x_5_and_z_10, WHEN_compute_tilt_status_from_acceleration_THEN_return_expected_roll)
      | [01;31m[K^~~~~~[m[K
[01m[K/home/gepopa/ros2_ws/src/imu_tilt_detection/test/tilt_detector_test.cpp:18:8:[m[K [01;31m[Kerror: [m[Kâ€˜[01m[KGIVEN_acc_x_5_and_z_10[m[Kâ€™ was not declared in this scope; did you mean â€˜[01m[KGIVEN_acc_x_10_and_z_10[m[Kâ€™?
   18 | TEST_F([01;31m[KGIVEN_acc_x_5_and_z_10[m[K, WHEN_compute_tilt_status_from_acceleration_THEN_return_expected_roll)
      |        [01;31m[K^~~~~~~~~~~~~~~~~~~~~~[m[K
[01m[K/home/gepopa/ros2_ws/src/imu_tilt_detection/test/tilt_detector_test.cpp:18:1:[m[K [01;31m[Kerror: [m[Ktemplate argument 1 is invalid
   18 | [01;31m[KTEST_F[m[K(GIVEN_acc_x_5_and_z_10, WHEN_compute_tilt_status_from_acceleration_THEN_return_expected_roll)
      | [01;31m[K^~~~~~[m[K
[01m[K/home/gepopa/ros2_ws/src/imu_tilt_detection/test/tilt_detector_test.cpp:[m[K In member function â€˜[01m[Kvirtual void GIVEN_acc_x_5_and_z_10_WHEN_compute_tilt_status_from_acceleration_THEN_return_expected_roll_Test::TestBody()[m[Kâ€™:
[01m[K/home/gepopa/ros2_ws/src/imu_tilt_detection/test/tilt_detector_test.cpp:20:17:[m[K [01;31m[Kerror: [m[Kâ€˜[01m[Ktilt_detector[m[Kâ€™ was not declared in this scope; did you mean â€˜[01m[KTiltDetector[m[Kâ€™?
   20 |   double roll = [01;31m[Ktilt_detector[m[K.compute_roll_deg_from_acceleration(acc_x,acc_y,acc_z);
      |                 [01;31m[K^~~~~~~~~~~~~[m[K
      |                 [32m[KTiltDetector[m[K
[01m[K/home/gepopa/ros2_ws/src/imu_tilt_detection/test/tilt_detector_test.cpp:20:66:[m[K [01;31m[Kerror: [m[Kâ€˜[01m[Kacc_x[m[Kâ€™ was not declared in this scope
   20 |   double roll = tilt_detector.compute_roll_deg_from_acceleration([01;31m[Kacc_x[m[K,acc_y,acc_z);
      |                                                                  [01;31m[K^~~~~[m[K
[01m[K/home/gepopa/ros2_ws/src/imu_tilt_detection/test/tilt_detector_test.cpp:20:72:[m[K [01;31m[Kerror: [m[Kâ€˜[01m[Kacc_y[m[Kâ€™ was not declared in this scope
   20 |   double roll = tilt_detector.compute_roll_deg_from_acceleration(acc_x,[01;31m[Kacc_y[m[K,acc_z);
      |                                                                        [01;31m[K^~~~~[m[K
[01m[K/home/gepopa/ros2_ws/src/imu_tilt_detection/test/tilt_detector_test.cpp:20:78:[m[K [01;31m[Kerror: [m[Kâ€˜[01m[Kacc_z[m[Kâ€™ was not declared in this scope
   20 |   double roll = tilt_detector.compute_roll_deg_from_acceleration(acc_x,acc_y,[01;31m[Kacc_z[m[K);
      |                                                                              [01;31m[K^~~~~[m[K
In file included from [01m[K/opt/ros/iron/src/gtest_vendor/include/gtest/gtest.h:375[m[K,
                 from [01m[K/home/gepopa/ros2_ws/src/imu_tilt_detection/test/tilt_detector_test.cpp:1[m[K:
[01m[K/home/gepopa/ros2_ws/src/imu_tilt_detection/test/tilt_detector_test.cpp:22:19:[m[K [01;31m[Kerror: [m[Kâ€˜[01m[Kexpected_roll[m[Kâ€™ was not declared in this scope
   22 |   ASSERT_EQ(roll, [01;31m[Kexpected_roll[m[K);
      |                   [01;31m[K^~~~~~~~~~~~~[m[K
[01m[K/home/gepopa/ros2_ws/src/imu_tilt_detection/test/tilt_detector_test.cpp:25:20:[m[K [01;31m[Kerror: [m[Kâ€˜[01m[Kexpected_pitch[m[Kâ€™ was not declared in this scope
   25 |   ASSERT_EQ(pitch, [01;31m[Kexpected_pitch[m[K);
      |                    [01;31m[K^~~~~~~~~~~~~~[m[K
In file included from [01m[K/opt/ros/iron/src/gtest_vendor/include/gtest/gtest.h:62[m[K,
                 from [01m[K/home/gepopa/ros2_ws/src/imu_tilt_detection/test/tilt_detector_test.cpp:1[m[K:
[01m[K/home/gepopa/ros2_ws/src/imu_tilt_detection/test/tilt_detector_test.cpp:[m[K At global scope:
[01m[K/home/gepopa/ros2_ws/src/imu_tilt_detection/test/tilt_detector_test.cpp:36:1:[m[K [01;31m[Kerror: [m[Kexpected class-name before â€˜[01m[K{[m[Kâ€™ token
   36 | [01;31m[KTEST_F[m[K(GIVEN_acc_y_5_and_z_10, WHEN_compute_tilt_status_from_acceleration_THEN_return_expected_roll)
      | [01;31m[K^~~~~~[m[K
[01m[K/home/gepopa/ros2_ws/src/imu_tilt_detection/test/tilt_detector_test.cpp:36:8:[m[K [01;31m[Kerror: [m[Kâ€˜[01m[KGIVEN_acc_y_5_and_z_10[m[Kâ€™ was not declared in this scope; did you mean â€˜[01m[KGIVEN_acc_y_10_and_z_10[m[Kâ€™?
   36 | TEST_F([01;31m[KGIVEN_acc_y_5_and_z_10[m[K, WHEN_compute_tilt_status_from_acceleration_THEN_return_expected_roll)
      |        [01;31m[K^~~~~~~~~~~~~~~~~~~~~~[m[K
[01m[K/home/gepopa/ros2_ws/src/imu_tilt_detection/test/tilt_detector_test.cpp:36:1:[m[K [01;31m[Kerror: [m[Kno matching function for call to â€˜[01m[KGetTypeId<<expression error> >()[m[Kâ€™
   36 | [01;31m[KTEST_F[m[K(GIVEN_acc_y_5_and_z_10, WHEN_compute_tilt_status_from_acceleration_THEN_return_expected_roll)
      | [01;31m[K^~~~~~[m[K
[01m[K/opt/ros/iron/src/gtest_vendor/include/gtest/internal/gtest-internal.h:423:8:[m[K [01;36m[Knote: [m[Kcandidate: â€˜[01m[Ktemplate<class T> const void* testing::internal::GetTypeId()[m[Kâ€™
  423 | TypeId [01;36m[KGetTypeId[m[K() {
      |        [01;36m[K^~~~~~~~~[m[K
[01m[K/opt/ros/iron/src/gtest_vendor/include/gtest/internal/gtest-internal.h:423:8:[m[K [01;36m[Knote: [m[K  template argument deduction/substitution failed:
[01m[K/home/gepopa/ros2_ws/src/imu_tilt_detection/test/tilt_detector_test.cpp:36:1:[m[K [01;31m[Kerror: [m[Ktemplate argument 1 is invalid
   36 | [01;31m[KTEST_F[m[K(GIVEN_acc_y_5_and_z_10, WHEN_compute_tilt_status_from_acceleration_THEN_return_expected_roll)
      | [01;31m[K^~~~~~[m[K
[01m[K/home/gepopa/ros2_ws/src/imu_tilt_detection/test/tilt_detector_test.cpp:36:8:[m[K [01;31m[Kerror: [m[Kâ€˜[01m[KGIVEN_acc_y_5_and_z_10[m[Kâ€™ was not declared in this scope; did you mean â€˜[01m[KGIVEN_acc_y_10_and_z_10[m[Kâ€™?
   36 | TEST_F([01;31m[KGIVEN_acc_y_5_and_z_10[m[K, WHEN_compute_tilt_status_from_acceleration_THEN_return_expected_roll)
      |        [01;31m[K^~~~~~~~~~~~~~~~~~~~~~[m[K
[01m[K/home/gepopa/ros2_ws/src/imu_tilt_detection/test/tilt_detector_test.cpp:36:1:[m[K [01;31m[Kerror: [m[Ktemplate argument 1 is invalid
   36 | [01;31m[KTEST_F[m[K(GIVEN_acc_y_5_and_z_10, WHEN_compute_tilt_status_from_acceleration_THEN_return_expected_roll)
      | [01;31m[K^~~~~~[m[K
[01m[K/home/gepopa/ros2_ws/src/imu_tilt_detection/test/tilt_detector_test.cpp:36:8:[m[K [01;31m[Kerror: [m[Kâ€˜[01m[KGIVEN_acc_y_5_and_z_10[m[Kâ€™ was not declared in this scope; did you mean â€˜[01m[KGIVEN_acc_y_10_and_z_10[m[Kâ€™?
   36 | TEST_F([01;31m[KGIVEN_acc_y_5_and_z_10[m[K, WHEN_compute_tilt_status_from_acceleration_THEN_return_expected_roll)
      |        [01;31m[K^~~~~~~~~~~~~~~~~~~~~~[m[K
[01m[K/home/gepopa/ros2_ws/src/imu_tilt_detection/test/tilt_detector_test.cpp:36:1:[m[K [01;31m[Kerror: [m[Ktemplate argument 1 is invalid
   36 | [01;31m[KTEST_F[m[K(GIVEN_acc_y_5_and_z_10, WHEN_compute_tilt_status_from_acceleration_THEN_return_expected_roll)
      | [01;31m[K^~~~~~[m[K
[01m[K/home/gepopa/ros2_ws/src/imu_tilt_detection/test/tilt_detector_test.cpp:[m[K In member function â€˜[01m[Kvirtual void GIVEN_acc_y_5_and_z_10_WHEN_compute_tilt_status_from_acceleration_THEN_return_expected_roll_Test::TestBody()[m[Kâ€™:
[01m[K/home/gepopa/ros2_ws/src/imu_tilt_detection/test/tilt_detector_test.cpp:38:17:[m[K [01;31m[Kerror: [m[Kâ€˜[01m[Ktilt_detector[m[Kâ€™ was not declared in this scope; did you mean â€˜[01m[KTiltDetector[m[Kâ€™?
   38 |   double roll = [01;31m[Ktilt_detector[m[K.compute_roll_deg_from_acceleration(acc_x,acc_y,acc_z);
      |                 [01;31m[K^~~~~~~~~~~~~[m[K
      |                 [32m[KTiltDetector[m[K
[01m[K/home/gepopa/ros2_ws/src/imu_tilt_detection/test/tilt_detector_test.cpp:38:66:[m[K [01;31m[Kerror: [m[Kâ€˜[01m[Kacc_x[m[Kâ€™ was not declared in this scope
   38 |   double roll = tilt_detector.compute_roll_deg_from_acceleration([01;31m[Kacc_x[m[K,acc_y,acc_z);
      |                                                                  [01;31m[K^~~~~[m[K
[01m[K/home/gepopa/ros2_ws/src/imu_tilt_detection/test/tilt_detector_test.cpp:38:72:[m[K [01;31m[Kerror: [m[Kâ€˜[01m[Kacc_y[m[Kâ€™ was not declared in this scope
   38 |   double roll = tilt_detector.compute_roll_deg_from_acceleration(acc_x,[01;31m[Kacc_y[m[K,acc_z);
      |                                                                        [01;31m[K^~~~~[m[K
[01m[K/home/gepopa/ros2_ws/src/imu_tilt_detection/test/tilt_detector_test.cpp:38:78:[m[K [01;31m[Kerror: [m[Kâ€˜[01m[Kacc_z[m[Kâ€™ was not declared in this scope
   38 |   double roll = tilt_detector.compute_roll_deg_from_acceleration(acc_x,acc_y,[01;31m[Kacc_z[m[K);
      |                                                                              [01;31m[K^~~~~[m[K
In file included from [01m[K/opt/ros/iron/src/gtest_vendor/include/gtest/gtest.h:375[m[K,
                 from [01m[K/home/gepopa/ros2_ws/src/imu_tilt_detection/test/tilt_detector_test.cpp:1[m[K:
[01m[K/home/gepopa/ros2_ws/src/imu_tilt_detection/test/tilt_detector_test.cpp:39:19:[m[K [01;31m[Kerror: [m[Kâ€˜[01m[Kexpected_roll[m[Kâ€™ was not declared in this scope
   39 |   ASSERT_EQ(roll, [01;31m[Kexpected_roll[m[K);
      |                   [01;31m[K^~~~~~~~~~~~~[m[K
[01m[K/home/gepopa/ros2_ws/src/imu_tilt_detection/test/tilt_detector_test.cpp:41:20:[m[K [01;31m[Kerror: [m[Kâ€˜[01m[Kexpected_pitch[m[Kâ€™ was not declared in this scope
   41 |   ASSERT_EQ(pitch, [01;31m[Kexpected_pitch[m[K);
      |                    [01;31m[K^~~~~~~~~~~~~~[m[K
In file included from [01m[K/opt/ros/iron/src/gtest_vendor/include/gtest/gtest.h:62[m[K,
                 from [01m[K/home/gepopa/ros2_ws/src/imu_tilt_detection/test/tilt_detector_test.cpp:1[m[K:
[01m[K/home/gepopa/ros2_ws/src/imu_tilt_detection/test/tilt_detector_test.cpp:[m[K At global scope:
[01m[K/home/gepopa/ros2_ws/src/imu_tilt_detection/test/tilt_detector_test.cpp:52:1:[m[K [01;31m[Kerror: [m[Kexpected class-name before â€˜[01m[K{[m[Kâ€™ token
   52 | [01;31m[KTEST_F[m[K(GIVEN_acc_x_5_and_y_5_and_z_10, WHEN_compute_tilt_status_from_acceleration_THEN_return_expected_roll)
      | [01;31m[K^~~~~~[m[K
[01m[K/home/gepopa/ros2_ws/src/imu_tilt_detection/test/tilt_detector_test.cpp:52:8:[m[K [01;31m[Kerror: [m[Kâ€˜[01m[KGIVEN_acc_x_5_and_y_5_and_z_10[m[Kâ€™ was not declared in this scope; did you mean â€˜[01m[KGIVEN_acc_x_10_and_y_10_and_z_10[m[Kâ€™?
   52 | TEST_F([01;31m[KGIVEN_acc_x_5_and_y_5_and_z_10[m[K, WHEN_compute_tilt_status_from_acceleration_THEN_return_expected_roll)
      |        [01;31m[K^~~~~~~~~~~~~~~~~~~~~~~~~~~~~~[m[K
[01m[K/home/gepopa/ros2_ws/src/imu_tilt_detection/test/tilt_detector_test.cpp:52:1:[m[K [01;31m[Kerror: [m[Kno matching function for call to â€˜[01m[KGetTypeId<<expression error> >()[m[Kâ€™
   52 | [01;31m[KTEST_F[m[K(GIVEN_acc_x_5_and_y_5_and_z_10, WHEN_compute_tilt_status_from_acceleration_THEN_return_expected_roll)
      | [01;31m[K^~~~~~[m[K
[01m[K/opt/ros/iron/src/gtest_vendor/include/gtest/internal/gtest-internal.h:423:8:[m[K [01;36m[Knote: [m[Kcandidate: â€˜[01m[Ktemplate<class T> const void* testing::internal::GetTypeId()[m[Kâ€™
  423 | TypeId [01;36m[KGetTypeId[m[K() {
      |        [01;36m[K^~~~~~~~~[m[K
[01m[K/opt/ros/iron/src/gtest_vendor/include/gtest/internal/gtest-internal.h:423:8:[m[K [01;36m[Knote: [m[K  template argument deduction/substitution failed:
[01m[K/home/gepopa/ros2_ws/src/imu_tilt_detection/test/tilt_detector_test.cpp:52:1:[m[K [01;31m[Kerror: [m[Ktemplate argument 1 is invalid
   52 | [01;31m[KTEST_F[m[K(GIVEN_acc_x_5_and_y_5_and_z_10, WHEN_compute_tilt_status_from_acceleration_THEN_return_expected_roll)
      | [01;31m[K^~~~~~[m[K
[01m[K/home/gepopa/ros2_ws/src/imu_tilt_detection/test/tilt_detector_test.cpp:52:8:[m[K [01;31m[Kerror: [m[Kâ€˜[01m[KGIVEN_acc_x_5_and_y_5_and_z_10[m[Kâ€™ was not declared in this scope; did you mean â€˜[01m[KGIVEN_acc_x_10_and_y_10_and_z_10[m[Kâ€™?
   52 | TEST_F([01;31m[KGIVEN_acc_x_5_and_y_5_and_z_10[m[K, WHEN_compute_tilt_status_from_acceleration_THEN_return_expected_roll)
      |        [01;31m[K^~~~~~~~~~~~~~~~~~~~~~~~~~~~~~[m[K
[01m[K/home/gepopa/ros2_ws/src/imu_tilt_detection/test/tilt_detector_test.cpp:52:1:[m[K [01;31m[Kerror: [m[Ktemplate argument 1 is invalid
   52 | [01;31m[KTEST_F[m[K(GIVEN_acc_x_5_and_y_5_and_z_10, WHEN_compute_tilt_status_from_acceleration_THEN_return_expected_roll)
      | [01;31m[K^~~~~~[m[K
[01m[K/home/gepopa/ros2_ws/src/imu_tilt_detection/test/tilt_detector_test.cpp:52:8:[m[K [01;31m[Kerror: [m[Kâ€˜[01m[KGIVEN_acc_x_5_and_y_5_and_z_10[m[Kâ€™ was not declared in this scope; did you mean â€˜[01m[KGIVEN_acc_x_10_and_y_10_and_z_10[m[Kâ€™?
   52 | TEST_F([01;31m[KGIVEN_acc_x_5_and_y_5_and_z_10[m[K, WHEN_compute_tilt_status_from_acceleration_THEN_return_expected_roll)
      |        [01;31m[K^~~~~~~~~~~~~~~~~~~~~~~~~~~~~~[m[K
[01m[K/home/gepopa/ros2_ws/src/imu_tilt_detection/test/tilt_detector_test.cpp:52:1:[m[K [01;31m[Kerror: [m[Ktemplate argument 1 is invalid
   52 | [01;31m[KTEST_F[m[K(GIVEN_acc_x_5_and_y_5_and_z_10, WHEN_compute_tilt_status_from_acceleration_THEN_return_expected_roll)
      | [01;31m[K^~~~~~[m[K
[01m[K/home/gepopa/ros2_ws/src/imu_tilt_detection/test/tilt_detector_test.cpp:[m[K In member function â€˜[01m[Kvirtual void GIVEN_acc_x_5_and_y_5_and_z_10_WHEN_compute_tilt_status_from_acceleration_THEN_return_expected_roll_Test::TestBody()[m[Kâ€™:
[01m[K/home/gepopa/ros2_ws/src/imu_tilt_detection/test/tilt_detector_test.cpp:54:17:[m[K [01;31m[Kerror: [m[Kâ€˜[01m[Ktilt_detector[m[Kâ€™ was not declared in this scope; did you mean â€˜[01m[KTiltDetector[m[Kâ€™?
   54 |   double roll = [01;31m[Ktilt_detector[m[K.compute_roll_deg_from_acceleration(acc_x,acc_y,acc_z);
      |                 [01;31m[K^~~~~~~~~~~~~[m[K
      |                 [32m[KTiltDetector[m[K
[01m[K/home/gepopa/ros2_ws/src/imu_tilt_detection/test/tilt_detector_test.cpp:54:66:[m[K [01;31m[Kerror: [m[Kâ€˜[01m[Kacc_x[m[Kâ€™ was not declared in this scope
   54 |   double roll = tilt_detector.compute_roll_deg_from_acceleration([01;31m[Kacc_x[m[K,acc_y,acc_z);
      |                                                                  [01;31m[K^~~~~[m[K
[01m[K/home/gepopa/ros2_ws/src/imu_tilt_detection/test/tilt_detector_test.cpp:54:72:[m[K [01;31m[Kerror: [m[Kâ€˜[01m[Kacc_y[m[Kâ€™ was not declared in this scope
   54 |   double roll = tilt_detector.compute_roll_deg_from_acceleration(acc_x,[01;31m[Kacc_y[m[K,acc_z);
      |                                                                        [01;31m[K^~~~~[m[K
[01m[K/home/gepopa/ros2_ws/src/imu_tilt_detection/test/tilt_detector_test.cpp:54:78:[m[K [01;31m[Kerror: [m[Kâ€˜[01m[Kacc_z[m[Kâ€™ was not declared in this scope
   54 |   double roll = tilt_detector.compute_roll_deg_from_acceleration(acc_x,acc_y,[01;31m[Kacc_z[m[K);
      |                                                                              [01;31m[K^~~~~[m[K
In file included from [01m[K/opt/ros/iron/src/gtest_vendor/include/gtest/gtest.h:375[m[K,
                 from [01m[K/home/gepopa/ros2_ws/src/imu_tilt_detection/test/tilt_detector_test.cpp:1[m[K:
[01m[K/home/gepopa/ros2_ws/src/imu_tilt_detection/test/tilt_detector_test.cpp:55:19:[m[K [01;31m[Kerror: [m[Kâ€˜[01m[Kexpected_roll[m[Kâ€™ was not declared in this scope
   55 |   ASSERT_EQ(roll, [01;31m[Kexpected_roll[m[K);
      |                   [01;31m[K^~~~~~~~~~~~~[m[K
[01m[K/home/gepopa/ros2_ws/src/imu_tilt_detection/test/tilt_detector_test.cpp:57:20:[m[K [01;31m[Kerror: [m[Kâ€˜[01m[Kexpected_pitch[m[Kâ€™ was not declared in this scope
   57 |   ASSERT_EQ(pitch, [01;31m[Kexpected_pitch[m[K);
      |                    [01;31m[K^~~~~~~~~~~~~~[m[K
In file included from [01m[K/opt/ros/iron/src/gtest_vendor/include/gtest/gtest.h:62[m[K,
                 from [01m[K/home/gepopa/ros2_ws/src/imu_tilt_detection/test/tilt_detector_test.cpp:1[m[K:
/opt/ros/iron/src/gtest_vendor/include/gtest/internal/gtest-internal.h: In instantiation of â€˜[01m[Ktesting::Test* testing::internal::TestFactoryImpl<TestClass>::CreateTest() [with TestClass = GIVEN_acc_x_5_and_y_5_and_z_10_WHEN_compute_tilt_status_from_acceleration_THEN_return_expected_roll_Test][m[Kâ€™:
[01m[K/opt/ros/iron/src/gtest_vendor/include/gtest/internal/gtest-internal.h:460:9:[m[K   required from here
[01m[K/opt/ros/iron/src/gtest_vendor/include/gtest/internal/gtest-internal.h:460:44:[m[K [01;31m[Kerror: [m[Kcannot convert â€˜[01m[KGIVEN_acc_x_5_and_y_5_and_z_10_WHEN_compute_tilt_status_from_acceleration_THEN_return_expected_roll_Test*[m[Kâ€™ to â€˜[01m[Ktesting::Test*[m[Kâ€™ in return
  460 |   Test* CreateTest() override { return new [01;31m[KTestClass[m[K; }
      |                                            [01;31m[K^~~~~~~~~[m[K
/opt/ros/iron/src/gtest_vendor/include/gtest/internal/gtest-internal.h: In instantiation of â€˜[01m[Ktesting::Test* testing::internal::TestFactoryImpl<TestClass>::CreateTest() [with TestClass = GIVEN_acc_y_5_and_z_10_WHEN_compute_tilt_status_from_acceleration_THEN_return_expected_roll_Test][m[Kâ€™:
[01m[K/opt/ros/iron/src/gtest_vendor/include/gtest/internal/gtest-internal.h:460:9:[m[K   required from here
[01m[K/opt/ros/iron/src/gtest_vendor/include/gtest/internal/gtest-internal.h:460:44:[m[K [01;31m[Kerror: [m[Kcannot convert â€˜[01m[KGIVEN_acc_y_5_and_z_10_WHEN_compute_tilt_status_from_acceleration_THEN_return_expected_roll_Test*[m[Kâ€™ to â€˜[01m[Ktesting::Test*[m[Kâ€™ in return
/opt/ros/iron/src/gtest_vendor/include/gtest/internal/gtest-internal.h: In instantiation of â€˜[01m[Ktesting::Test* testing::internal::TestFactoryImpl<TestClass>::CreateTest() [with TestClass = GIVEN_acc_x_5_and_z_10_WHEN_compute_tilt_status_from_acceleration_THEN_return_expected_roll_Test][m[Kâ€™:
[01m[K/opt/ros/iron/src/gtest_vendor/include/gtest/internal/gtest-internal.h:460:9:[m[K   required from here
[01m[K/opt/ros/iron/src/gtest_vendor/include/gtest/internal/gtest-internal.h:460:44:[m[K [01;31m[Kerror: [m[Kcannot convert â€˜[01m[KGIVEN_acc_x_5_and_z_10_WHEN_compute_tilt_status_from_acceleration_THEN_return_expected_roll_Test*[m[Kâ€™ to â€˜[01m[Ktesting::Test*[m[Kâ€™ in return
gmake[2]: *** [CMakeFiles/imu_tilt_detection_tilt_detector_test.dir/build.make:76: CMakeFiles/imu_tilt_detection_tilt_detector_test.dir/test/tilt_detector_test.cpp.o] Error 1
gmake[1]: *** [CMakeFiles/Makefile2:673: CMakeFiles/imu_tilt_detection_tilt_detector_test.dir/all] Error 2
gmake: *** [Makefile:146: all] Error 2
