[01m[K/home/gepopa/ros2_ws/src/imu_tilt_detection/test/tilt_detector_test.cpp:7:32:[m[K [01;31m[Kerror: [m[Kâ€˜[01m[Knb_values_for_mean[m[Kâ€™ is not a type
    7 |     TiltDetector tilt_detector([01;31m[Knb_values_for_mean[m[K, tilt_threshold_deg);
      |                                [01;31m[K^~~~~~~~~~~~~~~~~~[m[K
[01m[K/home/gepopa/ros2_ws/src/imu_tilt_detection/test/tilt_detector_test.cpp:7:52:[m[K [01;31m[Kerror: [m[Kâ€˜[01m[Ktilt_threshold_deg[m[Kâ€™ is not a type
    7 |     TiltDetector tilt_detector(nb_values_for_mean, [01;31m[Ktilt_threshold_deg[m[K);
      |                                                    [01;31m[K^~~~~~~~~~~~~~~~~~[m[K
[01m[K/home/gepopa/ros2_ws/src/imu_tilt_detection/test/tilt_detector_test.cpp:[m[K In member function â€˜[01m[Kvirtual void GIVEN_roll_tilt_higher_than_threshold_WHEN_compute_tilt_status_from_acceleration_THEN_return_expected_tilt_status_Test::TestBody()[m[Kâ€™:
[01m[K/home/gepopa/ros2_ws/src/imu_tilt_detection/test/tilt_detector_test.cpp:19:17:[m[K [01;31m[Kerror: [m[Kinvalid use of member function â€˜[01m[KTiltDetector tilt_detector_tests::tilt_detector(int, int)[m[Kâ€™ (did you forget the â€˜[01m[K()[m[Kâ€™ ?)
   19 |   bool status = [01;31m[Ktilt_detector[m[K.compute_tilt_status_from_acceleration(x,y,z);
      |                 [01;31m[K^~~~~~~~~~~~~[m[K
gmake[2]: *** [CMakeFiles/imu_tilt_detection_tilt_detector_test.dir/build.make:76: CMakeFiles/imu_tilt_detection_tilt_detector_test.dir/test/tilt_detector_test.cpp.o] Error 1
gmake[1]: *** [CMakeFiles/Makefile2:673: CMakeFiles/imu_tilt_detection_tilt_detector_test.dir/all] Error 2
gmake: *** [Makefile:146: all] Error 2
