[0.012s] Invoking command in '/home/gepopa/ros2_ws/src/imu_tilt_detection/build/imu_tilt_detection': CMAKE_PREFIX_PATH=${CMAKE_PREFIX_PATH}:/opt/ros/iron /usr/bin/cmake --build /home/gepopa/ros2_ws/src/imu_tilt_detection/build/imu_tilt_detection -- -j12 -l12
[0.054s] [  2%] Built target imu_tilt_detection__rosidl_generator_type_description
[0.055s] [  6%] Built target gtest_main
[0.056s] [ 11%] Built target gtest
[0.062s] [ 11%] Built target ament_cmake_python_copy_imu_tilt_detection
[0.064s] [35m[1mConsolidate compiler generated dependencies of target imu_tilt_detection_tilt_detector_test[0m
[0.071s] [ 13%] Built target imu_tilt_detection__cpp
[0.072s] [ 25%] Built target imu_tilt_detection__rosidl_generator_c
[0.076s] [ 27%] [32mBuilding CXX object CMakeFiles/imu_tilt_detection_tilt_detector_test.dir/test/tilt_detector_test.cpp.o[0m
[0.091s] [ 34%] Built target imu_tilt_detection__rosidl_typesupport_cpp
[0.091s] [ 41%] Built target imu_tilt_detection__rosidl_typesupport_fastrtps_cpp
[0.092s] [ 48%] Built target imu_tilt_detection__rosidl_typesupport_c
[0.094s] [ 58%] Built target imu_tilt_detection__rosidl_typesupport_introspection_c
[0.094s] [ 62%] Built target imu_tilt_detection__rosidl_typesupport_fastrtps_c
[0.097s] [ 69%] Built target imu_tilt_detection__rosidl_typesupport_introspection_cpp
[0.114s] [ 76%] Built target tilt_publisher
[0.114s] [ 76%] Built target imu_tilt_detection
[0.132s] [ 79%] Built target imu_tilt_detection__py
[0.150s] [ 83%] Built target imu_tilt_detection__rosidl_generator_py
[0.170s] [ 97%] Built target imu_tilt_detection__rosidl_typesupport_introspection_c__pyext
[0.170s] [ 97%] Built target imu_tilt_detection__rosidl_typesupport_fastrtps_c__pyext
[0.170s] [ 97%] Built target imu_tilt_detection__rosidl_typesupport_c__pyext
[0.278s] running egg_info
[0.279s] writing imu_tilt_detection.egg-info/PKG-INFO
[0.279s] writing dependency_links to imu_tilt_detection.egg-info/dependency_links.txt
[0.279s] writing top-level names to imu_tilt_detection.egg-info/top_level.txt
[0.281s] reading manifest file 'imu_tilt_detection.egg-info/SOURCES.txt'
[0.281s] writing manifest file 'imu_tilt_detection.egg-info/SOURCES.txt'
[0.302s] [ 97%] Built target ament_cmake_python_build_imu_tilt_detection_egg
[0.751s] [01m[K/home/gepopa/ros2_ws/src/imu_tilt_detection/test/tilt_detector_test.cpp:7:32:[m[K [01;31m[Kerror: [m[Kâ€˜[01m[Knb_values_for_mean[m[Kâ€™ is not a type
[0.751s]     7 |     TiltDetector tilt_detector([01;31m[Knb_values_for_mean[m[K, tilt_threshold_deg);
[0.751s]       |                                [01;31m[K^~~~~~~~~~~~~~~~~~[m[K
[0.751s] [01m[K/home/gepopa/ros2_ws/src/imu_tilt_detection/test/tilt_detector_test.cpp:7:52:[m[K [01;31m[Kerror: [m[Kâ€˜[01m[Ktilt_threshold_deg[m[Kâ€™ is not a type
[0.751s]     7 |     TiltDetector tilt_detector(nb_values_for_mean, [01;31m[Ktilt_threshold_deg[m[K);
[0.751s]       |                                                    [01;31m[K^~~~~~~~~~~~~~~~~~[m[K
[0.752s] [01m[K/home/gepopa/ros2_ws/src/imu_tilt_detection/test/tilt_detector_test.cpp:[m[K In member function â€˜[01m[Kvirtual void GIVEN_roll_tilt_higher_than_threshold_WHEN_compute_tilt_status_from_acceleration_THEN_return_expected_tilt_status_Test::TestBody()[m[Kâ€™:
[0.752s] [01m[K/home/gepopa/ros2_ws/src/imu_tilt_detection/test/tilt_detector_test.cpp:19:17:[m[K [01;31m[Kerror: [m[Kinvalid use of member function â€˜[01m[KTiltDetector tilt_detector_tests::tilt_detector(int, int)[m[Kâ€™ (did you forget the â€˜[01m[K()[m[Kâ€™ ?)
[0.752s]    19 |   bool status = [01;31m[Ktilt_detector[m[K.compute_tilt_status_from_acceleration(x,y,z);
[0.752s]       |                 [01;31m[K^~~~~~~~~~~~~[m[K
[0.841s] gmake[2]: *** [CMakeFiles/imu_tilt_detection_tilt_detector_test.dir/build.make:76: CMakeFiles/imu_tilt_detection_tilt_detector_test.dir/test/tilt_detector_test.cpp.o] Error 1
[0.841s] gmake[1]: *** [CMakeFiles/Makefile2:673: CMakeFiles/imu_tilt_detection_tilt_detector_test.dir/all] Error 2
[0.841s] gmake: *** [Makefile:146: all] Error 2
[0.843s] Invoked command in '/home/gepopa/ros2_ws/src/imu_tilt_detection/build/imu_tilt_detection' returned '2': CMAKE_PREFIX_PATH=${CMAKE_PREFIX_PATH}:/opt/ros/iron /usr/bin/cmake --build /home/gepopa/ros2_ws/src/imu_tilt_detection/build/imu_tilt_detection -- -j12 -l12
