[0.013s] Invoking command in '/home/gepopa/ros2_ws/src/imu_tilt_detection/build/imu_tilt_detection': CMAKE_PREFIX_PATH=${CMAKE_PREFIX_PATH}:/opt/ros/iron /usr/bin/cmake --build /home/gepopa/ros2_ws/src/imu_tilt_detection/build/imu_tilt_detection -- -j12 -l12
[0.056s] [  2%] Built target imu_tilt_detection__rosidl_generator_type_description
[0.058s] [ 11%] Built target gtest_main
[0.058s] [ 11%] Built target gtest
[0.065s] [ 11%] Built target ament_cmake_python_copy_imu_tilt_detection
[0.074s] [ 13%] Built target imu_tilt_detection__cpp
[0.075s] [ 25%] Built target imu_tilt_detection__rosidl_generator_c
[0.077s] [ 27%] [32mBuilding CXX object CMakeFiles/imu_tilt_detection_tilt_detector_test.dir/test/tilt_detector_test.cpp.o[0m
[0.095s] [ 34%] Built target imu_tilt_detection__rosidl_typesupport_fastrtps_cpp
[0.097s] [ 41%] Built target imu_tilt_detection__rosidl_typesupport_introspection_cpp
[0.097s] [ 48%] Built target imu_tilt_detection__rosidl_typesupport_fastrtps_c
[0.098s] [ 55%] Built target imu_tilt_detection__rosidl_typesupport_introspection_c
[0.100s] [ 62%] Built target imu_tilt_detection__rosidl_typesupport_cpp
[0.101s] [ 69%] Built target imu_tilt_detection__rosidl_typesupport_c
[0.112s] [35m[1mConsolidate compiler generated dependencies of target tilt_publisher[0m
[0.118s] [ 69%] Built target imu_tilt_detection
[0.130s] [ 76%] Built target tilt_publisher
[0.137s] [ 79%] Built target imu_tilt_detection__py
[0.155s] [ 83%] Built target imu_tilt_detection__rosidl_generator_py
[0.174s] [ 97%] Built target imu_tilt_detection__rosidl_typesupport_c__pyext
[0.174s] [ 97%] Built target imu_tilt_detection__rosidl_typesupport_fastrtps_c__pyext
[0.174s] [ 97%] Built target imu_tilt_detection__rosidl_typesupport_introspection_c__pyext
[0.285s] running egg_info
[0.286s] writing imu_tilt_detection.egg-info/PKG-INFO
[0.286s] writing dependency_links to imu_tilt_detection.egg-info/dependency_links.txt
[0.286s] writing top-level names to imu_tilt_detection.egg-info/top_level.txt
[0.288s] reading manifest file 'imu_tilt_detection.egg-info/SOURCES.txt'
[0.288s] writing manifest file 'imu_tilt_detection.egg-info/SOURCES.txt'
[0.311s] [ 97%] Built target ament_cmake_python_build_imu_tilt_detection_egg
[0.757s] [01m[K/home/gepopa/ros2_ws/src/imu_tilt_detection/test/tilt_detector_test.cpp:6:5:[m[K [01;31m[Kerror: [m[Kâ€˜[01m[KTiltDetector[m[Kâ€™ does not name a type
[0.758s]     6 |     [01;31m[KTiltDetector[m[K tilt_detector(nb_values_for_mean, tilt_threshold_deg);
[0.758s]       |     [01;31m[K^~~~~~~~~~~~[m[K
[0.761s] [01m[K/home/gepopa/ros2_ws/src/imu_tilt_detection/test/tilt_detector_test.cpp:[m[K In member function â€˜[01m[Kvirtual void GIVEN_roll_tilt_higher_than_threshold_WHEN_compute_tilt_status_from_acceleration_THEN_return_expected_tilt_status_Test::TestBody()[m[Kâ€™:
[0.761s] [01m[K/home/gepopa/ros2_ws/src/imu_tilt_detection/test/tilt_detector_test.cpp:18:17:[m[K [01;31m[Kerror: [m[Kâ€˜[01m[Ktilt_detector[m[Kâ€™ was not declared in this scope; did you mean â€˜[01m[Ktilt_detector_tests[m[Kâ€™?
[0.761s]    18 |   bool status = [01;31m[Ktilt_detector[m[K.compute_tilt_status_from_acceleration(x,y,z);
[0.762s]       |                 [01;31m[K^~~~~~~~~~~~~[m[K
[0.762s]       |                 [32m[Ktilt_detector_tests[m[K
[0.763s] [01m[K/home/gepopa/ros2_ws/src/imu_tilt_detection/test/tilt_detector_test.cpp:18:69:[m[K [01;31m[Kerror: [m[Kâ€˜[01m[Kx[m[Kâ€™ was not declared in this scope
[0.763s]    18 |   bool status = tilt_detector.compute_tilt_status_from_acceleration([01;31m[Kx[m[K,y,z);
[0.763s]       |                                                                     [01;31m[K^[m[K
[0.765s] [01m[K/home/gepopa/ros2_ws/src/imu_tilt_detection/test/tilt_detector_test.cpp:18:71:[m[K [01;31m[Kerror: [m[Kâ€˜[01m[Ky[m[Kâ€™ was not declared in this scope
[0.765s]    18 |   bool status = tilt_detector.compute_tilt_status_from_acceleration(x,[01;31m[Ky[m[K,z);
[0.765s]       |                                                                       [01;31m[K^[m[K
[0.766s] [01m[K/home/gepopa/ros2_ws/src/imu_tilt_detection/test/tilt_detector_test.cpp:18:73:[m[K [01;31m[Kerror: [m[Kâ€˜[01m[Kz[m[Kâ€™ was not declared in this scope
[0.766s]    18 |   bool status = tilt_detector.compute_tilt_status_from_acceleration(x,y,[01;31m[Kz[m[K);
[0.767s]       |                                                                         [01;31m[K^[m[K
[0.849s] gmake[2]: *** [CMakeFiles/imu_tilt_detection_tilt_detector_test.dir/build.make:76: CMakeFiles/imu_tilt_detection_tilt_detector_test.dir/test/tilt_detector_test.cpp.o] Error 1
[0.850s] gmake[1]: *** [CMakeFiles/Makefile2:673: CMakeFiles/imu_tilt_detection_tilt_detector_test.dir/all] Error 2
[0.850s] gmake: *** [Makefile:146: all] Error 2
[0.852s] Invoked command in '/home/gepopa/ros2_ws/src/imu_tilt_detection/build/imu_tilt_detection' returned '2': CMAKE_PREFIX_PATH=${CMAKE_PREFIX_PATH}:/opt/ros/iron /usr/bin/cmake --build /home/gepopa/ros2_ws/src/imu_tilt_detection/build/imu_tilt_detection -- -j12 -l12
